1531325445617 W1 2 S 0 nt_50M.02 AFEVGV0P014
1531325445617 W1 2 S 0 nt_50M.10 AFEVGV0P014
1531325445617 W5 4 S 0 nt_50M.07 AFEVGV0P014
1531325445628 W7 3 S 0 nt_50M.01 AFEVGV0P014
1531325445628 W7 3 S 0 nt_50M.09 AFEVGV0P014
1531325445633 W0 1 S 0 nt_50M.101 AFEVGV0P014
1531325445645 W0 1 S 0 nt_50M.04 AFEVGV0P014
1531325445669 W5 4 S 0 nr_50M.07 AFEVHK3N014
1531325445676 W6 8 S 0 nt_50M.05 AFEVGV0P014
1531325445676 W6 8 S 0 nt_50M.102 AFEVGV0P014
1531325445682 W4 7 S 0 nt_50M.03 AFEVGV0P014
1531325445682 W4 7 S 0 nt_50M.100 AFEVGV0P014
1531325445691 W2 5 S 0 nt_50M.00 AFEVGV0P014
1531325445699 W2 5 S 0 nt_50M.08 AFEVGV0P014
1531325445712 W3 6 S 0 nt_50M.06 AFEVGV0P014
1531325445712 W3 6 S 0 nt_50M.103 AFEVGV0P014
1531325445727 W7 3 D 11 nt_50M.09 AFEVGV0P014
1531325445732 W0 9 S 0 nr_50M.1000 AFEVHK3N014
1531325445736 W5 4 D 42 nt_50M.07 AFEVGV0P014
1531325445751 W6 15 S 0 nr_50M.1001 AFEVHK3N014
1531325445753 W7 3 D 39 nt_50M.01 AFEVGV0P014
1531325445759 W1 10 S 0 nr_50M.10 AFEVHK3N014
1531325445770 W3 13 S 0 nr_50M.1002 AFEVHK3N014
1531325445780 W1 2 D 9 nt_50M.10 AFEVGV0P014
1531325445792 W1 2 D 41 nt_50M.02 AFEVGV0P014
1531325445806 W2 12 S 0 nr_50M.08 AFEVHK3N014
1531325445815 W0 1 D 4 nt_50M.04 AFEVGV0P014
1531325445839 W0 1 D 66 nt_50M.101 AFEVGV0P014
1531325445915 W6 8 D 1 nt_50M.102 AFEVGV0P014
1531325445951 W3 6 D 4 nt_50M.06 AFEVGV0P014
1531325445951 W5 4 S 0 nt_50M.07 AFEVJ4EE014
1531325445953 W2 5 D 19 nt_50M.08 AFEVGV0P014
1531325445957 W0 1 S 0 nr_50M.04 AFEVHK3N014
1531325445962 W4 7 D 34 nt_50M.100 AFEVGV0P014
1531325445968 W4 7 D 34 nt_50M.03 AFEVGV0P014
1531325445969 W0 1 S 0 nt_50M.04 AFEVJ4EE014
1531325445985 W4 14 S 0 nr_50M.100 AFEVHK3N014
1531325445985 W7 3 S 0 nr_50M.09 AFEVHK3N014
1531325445988 W7 3 S 0 nr_50M.01 AFEVHK3N014
1531325445990 W6 8 D 26 nt_50M.05 AFEVGV0P014
1531325446009 W5 4 D 0 nt_50M.07 AFEVJ4EE014
1531325446020 W1 2 S 0 nr_50M.02 AFEVHK3N014
1531325446020 W1 2 S 0 nt_50M.02 AFEVJ4EE014
1531325446067 W3 6 D 100 nt_50M.103 AFEVGV0P014
1531325446075 W0 1 D 0 nt_50M.04 AFEVJ4EE014
1531325446093 W2 5 D 11 nt_50M.00 AFEVGV0P014
1531325446097 W5 4 S 0 nt_50M.07 AFEVKCK9014
1531325446098 W0 1 S 0 nt_50M.101 AFEVJ4EE014
1531325446104 W4 7 S 0 nr_50M.03 AFEVHK3N014
1531325446139 W1 2 D 0 nt_50M.02 AFEVJ4EE014
1531325446139 W6 8 S 0 nr_50M.05 AFEVHK3N014
1531325446141 W4 7 S 0 nt_50M.03 AFEVJ4EE014
1531325446167 W6 8 S 0 nt_50M.05 AFEVJ4EE014
1531325446170 W1 2 S 0 nt_50M.10 AFEVJ4EE014
1531325446187 W5 4 D 0 nt_50M.07 AFEVKCK9014
1531325446190 W3 6 S 0 nr_50M.06 AFEVHK3N014
1531325446204 W2 5 S 0 nt_50M.00 AFEVJ4EE014
1531325446204 W3 6 S 0 nt_50M.06 AFEVJ4EE014
1531325446205 W2 5 S 0 nr_50M.00 AFEVHK3N014
1531325446206 W0 1 D 0 nt_50M.101 AFEVJ4EE014
1531325446213 W5 4 S 0 nt_50M.07 AFEVKWCH014
1531325446227 W1 2 D 0 nt_50M.10 AFEVJ4EE014
1531325446264 W0 1 S 0 nt_50M.04 AFEVKCK9014
1531325446267 W1 2 S 0 nt_50M.02 AFEVKCK9014
1531325446292 W5 4 D 100 nt_50M.07 AFEVKWCH014
1531325446337 W4 7 D 0 nt_50M.03 AFEVJ4EE014
1531325446349 W5 4 S 0 nt_50M.07 AFEVMVZM014
1531325446351 W3 6 D 0 nt_50M.06 AFEVJ4EE014
1531325446353 W6 8 D 0 nt_50M.05 AFEVJ4EE014
1531325446364 W4 7 S 0 nt_50M.100 AFEVJ4EE014
1531325446394 W3 6 S 0 nt_50M.103 AFEVJ4EE014
1531325446395 W6 8 S 0 nt_50M.102 AFEVJ4EE014
1531325446405 W5 4 D 0 nt_50M.07 AFEVMVZM014
1531325446415 W0 1 D 0 nt_50M.04 AFEVKCK9014
1531325446433 W1 2 D 0 nt_50M.02 AFEVKCK9014
1531325446445 W0 1 S 0 nt_50M.101 AFEVKCK9014
1531325446466 W1 2 S 0 nt_50M.10 AFEVKCK9014
1531325446471 W2 5 D 2 nt_50M.00 AFEVJ4EE014
1531325446502 W2 5 S 0 nt_50M.08 AFEVJ4EE014
1531325446521 W4 7 D 0 nt_50M.100 AFEVJ4EE014
1531325446549 W1 2 D 0 nt_50M.10 AFEVKCK9014
1531325446587 W6 8 D 0 nt_50M.102 AFEVJ4EE014
1531325446589 W1 2 S 0 nt_50M.02 AFEVKWCH014
1531325446605 W4 7 S 0 nt_50M.03 AFEVKCK9014
1531325446610 W3 6 D 0 nt_50M.103 AFEVJ4EE014
1531325446618 W2 5 D 0 nt_50M.08 AFEVJ4EE014
1531325446629 W6 8 S 0 nt_50M.05 AFEVKCK9014
1531325446633 W0 1 D 0 nt_50M.101 AFEVKCK9014
1531325446661 W3 6 S 0 nt_50M.06 AFEVKCK9014
1531325446679 W0 1 S 0 nt_50M.04 AFEVKWCH014
1531325446707 W2 5 S 0 nt_50M.00 AFEVKCK9014
1531325446746 W1 2 D 52 nt_50M.02 AFEVKWCH014
1531325446774 W6 8 D 0 nt_50M.05 AFEVKCK9014
1531325446785 W1 2 S 0 nt_50M.10 AFEVKWCH014
1531325446801 W6 8 S 0 nt_50M.102 AFEVKCK9014
1531325446814 W3 6 D 0 nt_50M.06 AFEVKCK9014
1531325446826 W0 1 D 0 nt_50M.04 AFEVKWCH014
1531325446842 W4 7 D 0 nt_50M.03 AFEVKCK9014
1531325446850 W3 6 S 0 nt_50M.103 AFEVKCK9014
1531325446854 W0 1 S 0 nt_50M.101 AFEVKWCH014
1531325446870 W4 7 S 0 nt_50M.100 AFEVKCK9014
1531325446895 W1 2 D 3 nt_50M.10 AFEVKWCH014
1531325446943 W1 2 S 0 nt_50M.02 AFEVMVZM014
1531325446972 W5 4 S 0 nt_50M.07 AFEVN6PB014
1531325447034 W3 6 D 0 nt_50M.103 AFEVKCK9014
1531325447047 W2 5 D 0 nt_50M.00 AFEVKCK9014
1531325447047 W6 8 D 0 nt_50M.102 AFEVKCK9014
1531325447068 W2 5 S 0 nt_50M.08 AFEVKCK9014
1531325447078 W0 1 D 100 nt_50M.101 AFEVKWCH014
1531325447092 W3 6 S 0 nt_50M.06 AFEVKWCH014
1531325447096 W1 2 D 0 nt_50M.02 AFEVMVZM014
1531325447099 W6 8 S 0 nt_50M.05 AFEVKWCH014
1531325447115 W1 2 S 0 nt_50M.10 AFEVMVZM014
1531325447137 W5 4 D 101 nt_50M.07 AFEVN6PB014
1531325447158 W4 7 D 0 nt_50M.100 AFEVKCK9014
1531325447162 W2 5 D 0 nt_50M.08 AFEVKCK9014
1531325447172 W0 1 S 0 nt_50M.04 AFEVMVZM014
1531325447200 W1 2 D 0 nt_50M.10 AFEVMVZM014
1531325447222 W3 6 D 9 nt_50M.06 AFEVKWCH014
1531325447226 W1 2 S 0 nt_50M.02 AFEVN6PB014
1531325447232 W2 5 S 0 nt_50M.00 AFEVKWCH014
1531325447233 W4 7 S 0 nt_50M.03 AFEVKWCH014
1531325447236 W6 8 D 9 nt_50M.05 AFEVKWCH014
1531325447249 W3 6 S 0 nt_50M.103 AFEVKWCH014
1531325447272 W6 8 S 0 nt_50M.102 AFEVKWCH014
1531325447287 W0 1 D 0 nt_50M.04 AFEVMVZM014
1531325447301 W0 1 S 0 nt_50M.101 AFEVMVZM014
1531325447403 W2 5 D 5 nt_50M.00 AFEVKWCH014
1531325447409 W6 8 D 7 nt_50M.102 AFEVKWCH014
1531325447442 W2 5 S 0 nt_50M.08 AFEVKWCH014
1531325447453 W6 8 S 0 nt_50M.05 AFEVMVZM014
1531325447469 W0 1 D 0 nt_50M.101 AFEVMVZM014
1531325447469 W3 6 D 71 nt_50M.103 AFEVKWCH014
1531325447473 W4 7 D 37 nt_50M.03 AFEVKWCH014
1531325447492 W5 4 D 0 nr_50M.07 AFEVHK3N014
1531325447498 W0 1 S 0 nt_50M.04 AFEVN6PB014
1531325447524 W3 6 S 0 nt_50M.06 AFEVMVZM014
1531325447526 W4 7 S 0 nt_50M.100 AFEVKWCH014
1531325447531 W1 2 D 100 nt_50M.02 AFEVN6PB014
1531325447568 W1 2 S 0 nt_50M.10 AFEVN6PB014
1531325447587 W6 8 D 0 nt_50M.05 AFEVMVZM014
1531325447595 W2 5 D 24 nt_50M.08 AFEVKWCH014
1531325447602 W6 8 S 0 nt_50M.102 AFEVMVZM014
1531325447631 W2 5 S 0 nt_50M.00 AFEVMVZM014
1531325447653 W3 6 D 0 nt_50M.06 AFEVMVZM014
1531325447685 W3 6 S 0 nt_50M.103 AFEVMVZM014
1531325447685 W7 3 D 0 nr_50M.09 AFEVHK3N014
1531325447714 W0 1 D 100 nt_50M.04 AFEVN6PB014
1531325447725 W7 3 S 0 nt_50M.01 AFEVJ4EE014
1531325447744 W1 2 D 101 nt_50M.10 AFEVN6PB014
1531325447746 W0 1 S 0 nt_50M.101 AFEVN6PB014
1531325447750 W6 8 D 0 nt_50M.102 AFEVMVZM014
1531325447795 W6 8 S 0 nt_50M.05 AFEVN6PB014
1531325447804 W7 3 D 0 nt_50M.01 AFEVJ4EE014
1531325447817 W2 5 D 0 nt_50M.00 AFEVMVZM014
1531325447841 W7 3 S 0 nt_50M.09 AFEVJ4EE014
1531325447849 W2 5 S 0 nt_50M.08 AFEVMVZM014
1531325447851 W4 7 D 34 nt_50M.100 AFEVKWCH014
1531325447861 W3 6 D 11 nt_50M.103 AFEVMVZM014
1531325447882 W7 3 D 0 nr_50M.01 AFEVHK3N014
1531325447902 W4 7 S 0 nt_50M.03 AFEVMVZM014
1531325447909 W3 6 S 0 nt_50M.06 AFEVN6PB014
1531325447926 W7 3 S 0 nt_50M.01 AFEVKCK9014
1531325447929 W2 5 D 0 nt_50M.08 AFEVMVZM014
1531325447955 W7 3 D 0 nt_50M.09 AFEVJ4EE014
1531325447973 W7 3 S 0 nt_50M.09 AFEVKCK9014
1531325447981 W2 5 S 0 nt_50M.00 AFEVN6PB014
1531325448044 W6 8 D 100 nt_50M.05 AFEVN6PB014
1531325448072 W7 3 D 0 nt_50M.01 AFEVKCK9014
1531325448072 W7 3 D 0 nt_50M.09 AFEVKCK9014
1531325448107 W7 3 S 0 nt_50M.09 AFEVKWCH014
1531325448108 W7 3 S 0 nt_50M.01 AFEVKWCH014
1531325448119 W4 7 D 0 nt_50M.03 AFEVMVZM014
1531325448126 W6 8 S 0 nt_50M.102 AFEVN6PB014
1531325448141 W4 7 S 0 nt_50M.100 AFEVMVZM014
1531325448160 W3 6 D 100 nt_50M.06 AFEVN6PB014
1531325448188 W7 3 D 17 nt_50M.09 AFEVKWCH014
1531325448195 W3 6 S 0 nt_50M.103 AFEVN6PB014
1531325448248 W1 10 D 0 nr_50M.10 AFEVHK3N014
1531325448272 W7 3 D 21 nt_50M.01 AFEVKWCH014
1531325448296 W7 3 S 0 nt_50M.01 AFEVMVZM014
1531325448315 W7 3 S 0 nt_50M.09 AFEVMVZM014
1531325448318 W0 9 D 0 nr_50M.1000 AFEVHK3N014
1531325448397 W4 7 D 0 nt_50M.100 AFEVMVZM014
1531325448401 W7 3 D 0 nt_50M.09 AFEVMVZM014
1531325448403 W7 3 D 0 nt_50M.01 AFEVMVZM014
1531325448441 W4 7 S 0 nt_50M.03 AFEVN6PB014
1531325448441 W7 3 S 0 nt_50M.09 AFEVN6PB014
1531325448443 W7 3 S 0 nt_50M.01 AFEVN6PB014
1531325448516 W6 8 D 112 nt_50M.102 AFEVN6PB014
1531325448565 W0 1 D 112 nt_50M.101 AFEVN6PB014
1531325448591 W1 2 D 0 nr_50M.02 AFEVHK3N014
1531325448606 W2 5 D 101 nt_50M.00 AFEVN6PB014
1531325448679 W7 3 D 113 nt_50M.09 AFEVN6PB014
1531325448701 W1 2 S 0 nt_50M.10 AFEVP7WY014
1531325448702 W5 4 S 0 nt_50M.07 AFEVP7WY014
1531325448703 W1 2 S 0 nt_50M.02 AFEVP7WY014
1531325448704 W0 1 S 0 nt_50M.04 AFEVP7WY014
1531325448705 W6 8 S 0 nt_50M.05 AFEVP7WY014
1531325448707 W2 5 S 0 nt_50M.08 AFEVN6PB014
1531325448772 W7 3 S 0 nt_50M.01 AFEVP7WY014
1531325448829 W5 4 D 101 nt_50M.07 AFEVP7WY014
1531325448831 W3 6 D 106 nt_50M.103 AFEVN6PB014
1531325448840 W5 4 S 0 nt_50M.07 AFEVPJZG014
1531325448859 W7 3 D 100 nt_50M.01 AFEVN6PB014
1531325448911 W7 3 S 0 nt_50M.09 AFEVP7WY014
1531325448912 W5 4 D 0 nt_50M.07 AFEVPJZG014
1531325448913 W1 2 D 100 nt_50M.10 AFEVP7WY014
1531325448918 W3 6 S 0 nt_50M.06 AFEVP7WY014
1531325448947 W0 1 D 0 nr_50M.04 AFEVHK3N014
1531325448949 W1 2 S 0 nt_50M.02 AFEVPJZG014
1531325448962 W4 7 D 100 nt_50M.03 AFEVN6PB014
1531325448971 W0 1 S 0 nt_50M.101 AFEVP7WY014
1531325448991 W2 5 D 104 nt_50M.08 AFEVN6PB014
1531325449036 W1 2 D 100 nt_50M.02 AFEVP7WY014
1531325449044 W4 7 S 0 nt_50M.100 AFEVN6PB014
1531325449047 W6 8 D 101 nt_50M.05 AFEVP7WY014
1531325449057 W2 5 S 0 nt_50M.00 AFEVP7WY014
1531325449073 W6 8 S 0 nt_50M.102 AFEVP7WY014
1531325449076 W1 2 S 0 nt_50M.10 AFEVPJZG014
1531325449081 W5 4 S 0 nt_50M.07 AFEVRP93014
1531325449095 W6 15 D 0 nr_50M.1001 AFEVHK3N014
1531325449100 W1 2 D 0 nt_50M.02 AFEVPJZG014
1531325449118 W0 1 D 100 nt_50M.04 AFEVP7WY014
1531325449149 W1 2 S 0 nt_50M.02 AFEVRP93014
1531325449168 W7 3 D 105 nt_50M.09 AFEVP7WY014
1531325449176 W0 1 S 0 nt_50M.04 AFEVPJZG014
1531325449218 W7 3 S 0 nt_50M.01 AFEVPJZG014
1531325449219 W3 6 D 100 nt_50M.06 AFEVP7WY014
1531325449253 W1 2 D 0 nt_50M.10 AFEVPJZG014
1531325449269 W1 2 S 0 nt_50M.10 AFEVRP93014
1531325449271 W3 6 S 0 nt_50M.103 AFEVP7WY014
1531325449275 W7 3 D 100 nt_50M.01 AFEVP7WY014
1531325449313 W7 3 S 0 nt_50M.09 AFEVPJZG014
1531325449324 W6 8 D 0 nr_50M.05 AFEVHK3N014
1531325449327 W2 12 D 0 nr_50M.08 AFEVHK3N014
1531325449354 W5 4 S 0 nt_50M.07 AFEVX33X014
1531325449366 W6 8 S 0 nt_50M.05 AFEVPJZG014
1531325449377 W0 1 D 0 nt_50M.04 AFEVPJZG014
1531325449390 W0 1 S 0 nt_50M.101 AFEVPJZG014
1531325449404 W7 3 D 0 nt_50M.01 AFEVPJZG014
1531325449429 W3 13 D 0 nr_50M.1002 AFEVHK3N014
1531325449435 W7 3 S 0 nt_50M.01 AFEVRP93014
1531325449439 W7 3 D 0 nt_50M.09 AFEVPJZG014
1531325449453 W6 8 D 0 nt_50M.05 AFEVPJZG014
1531325449463 W7 3 S 0 nt_50M.09 AFEVRP93014
1531325449485 W6 8 D 112 nt_50M.102 AFEVP7WY014
1531325449490 W6 8 S 0 nt_50M.102 AFEVPJZG014
1531325449526 W6 8 S 0 nt_50M.05 AFEVRP93014
1531325449630 W6 8 D 0 nt_50M.102 AFEVPJZG014
1531325449631 W0 1 D 0 nt_50M.101 AFEVPJZG014
1531325449640 W2 5 D 101 nt_50M.00 AFEVP7WY014
1531325449653 W4 7 D 106 nt_50M.100 AFEVN6PB014
1531325449659 W6 8 S 0 nt_50M.102 AFEVRP93014
1531325449666 W0 1 S 0 nt_50M.04 AFEVRP93014
1531325449682 W2 5 S 0 nt_50M.08 AFEVP7WY014
1531325449733 W4 7 S 0 nt_50M.03 AFEVP7WY014
1531325449764 W3 6 D 116 nt_50M.103 AFEVP7WY014
1531325449790 W4 14 D 0 nr_50M.100 AFEVHK3N014
1531325449839 W3 6 S 0 nt_50M.06 AFEVPJZG014
1531325449880 W2 5 D 104 nt_50M.08 AFEVP7WY014
1531325449950 W2 5 S 0 nt_50M.00 AFEVPJZG014
1531325449978 W3 6 D 0 nt_50M.06 AFEVPJZG014
1531325450007 W3 6 S 0 nt_50M.103 AFEVPJZG014
1531325450049 W3 6 D 0 nr_50M.06 AFEVHK3N014
1531325450088 W3 6 S 0 nt_50M.06 AFEVRP93014
1531325450094 W5 4 D 5 nt_50M.07 AFEVRP93014
1531325450119 W4 7 D 100 nt_50M.03 AFEVP7WY014
1531325450171 W4 7 S 0 nt_50M.100 AFEVP7WY014
1531325450176 W3 6 D 0 nt_50M.103 AFEVPJZG014
1531325450189 W2 5 D 0 nt_50M.00 AFEVPJZG014
1531325450196 W0 1 D 112 nt_50M.101 AFEVP7WY014
1531325450199 W3 6 S 0 nt_50M.103 AFEVRP93014
1531325450210 W5 4 D 100 nt_50M.07 AFEVX33X014
1531325450211 W2 5 S 0 nt_50M.08 AFEVPJZG014
1531325450222 W0 1 S 0 nt_50M.101 AFEVRP93014
1531325450291 W4 7 D 0 nr_50M.03 AFEVHK3N014
1531325450315 W2 5 D 0 nt_50M.08 AFEVPJZG014
1531325450338 W4 7 S 0 nt_50M.03 AFEVPJZG014
1531325450353 W5 4 S 0 nr_50M.07 AFEVXPZC014
1531325450361 W1 10 S 0 nr_50M.10 AFEVXPZC014
1531325450369 W3 13 S 0 nr_50M.1002 AFEVXPZC014
1531325450397 W2 5 D 0 nr_50M.00 AFEVHK3N014
1531325450398 W0 9 S 0 nr_50M.1000 AFEVXPZC014
1531325450398 W6 15 S 0 nr_50M.1001 AFEVXPZC014
1531325450421 W2 12 S 0 nr_50M.08 AFEVXPZC014
1531325450430 W2 5 S 0 nt_50M.00 AFEVRP93014
1531325450435 W4 14 S 0 nr_50M.100 AFEVXPZC014
1531325450452 W2 5 S 0 nt_50M.08 AFEVRP93014
1531325450504 W4 7 D 0 nt_50M.03 AFEVPJZG014
1531325450537 W4 7 S 0 nt_50M.100 AFEVPJZG014
1531325450547 W1 2 D 10 nt_50M.02 AFEVRP93014
1531325450596 W1 2 S 0 nt_50M.02 AFEVX33X014
1531325450700 W7 3 D 1 nt_50M.09 AFEVRP93014
1531325450714 W1 2 D 2 nt_50M.10 AFEVRP93014
1531325450726 W7 3 S 0 nt_50M.01 AFEVX33X014
1531325450738 W1 2 S 0 nt_50M.10 AFEVX33X014
1531325450743 W7 3 D 14 nt_50M.01 AFEVRP93014
1531325450756 W7 3 S 0 nt_50M.09 AFEVX33X014
1531325450780 W4 7 D 115 nt_50M.100 AFEVP7WY014
1531325450852 W4 7 S 0 nt_50M.03 AFEVRP93014
1531325450853 W6 8 D 0 nt_50M.05 AFEVRP93014
1531325450868 W4 7 D 0 nt_50M.100 AFEVPJZG014
1531325450886 W6 8 S 0 nt_50M.05 AFEVX33X014
1531325450900 W4 7 S 0 nt_50M.100 AFEVRP93014
1531325450922 W6 8 D 8 nt_50M.102 AFEVRP93014
1531325450944 W6 8 S 0 nt_50M.102 AFEVX33X014
1531325450965 W5 4 S 0 nt_50M.07 AFEVYG25014
1531325451070 W5 4 D 0 nt_50M.07 AFEVYG25014
1531325451292 W5 4 S 0 nr_50M.07 AFEW0K6U014
1531325451320 W0 9 S 0 nr_50M.1000 AFEW0K6U014
1531325451328 W1 10 S 0 nr_50M.10 AFEW0K6U014
1531325451340 W4 14 S 0 nr_50M.100 AFEW0K6U014
1531325451343 W3 13 S 0 nr_50M.1002 AFEW0K6U014
1531325451348 W2 12 S 0 nr_50M.08 AFEW0K6U014
1531325451358 W6 15 S 0 nr_50M.1001 AFEW0K6U014
1531325451495 W7 3 D 81 nt_50M.09 AFEVX33X014
1531325451538 W7 3 S 0 nr_50M.01 AFEVXPZC014
1531325451689 W7 3 D 100 nt_50M.01 AFEVX33X014
1531325451711 W7 3 S 0 nr_50M.09 AFEVXPZC014
1531325451786 W3 6 D 2 nt_50M.103 AFEVRP93014
1531325451834 W3 6 S 0 nt_50M.06 AFEVX33X014
1531325451883 W0 1 D 6 nt_50M.101 AFEVRP93014
1531325451917 W0 1 D 1 nt_50M.04 AFEVRP93014
1531325451943 W0 1 S 0 nt_50M.04 AFEVX33X014
1531325451958 W0 1 S 0 nt_50M.101 AFEVX33X014
1531325451985 W3 6 D 2 nt_50M.06 AFEVRP93014
1531325452002 W3 6 S 0 nt_50M.103 AFEVX33X014
1531325452203 W1 2 D 100 nt_50M.02 AFEVX33X014
1531325452254 W1 2 S 0 nr_50M.02 AFEVXPZC014
1531325452309 W1 2 D 100 nt_50M.10 AFEVX33X014
1531325452356 W1 2 S 0 nt_50M.02 AFEVYG25014
1531325452683 W1 2 D 0 nt_50M.02 AFEVYG25014
1531325452710 W1 2 S 0 nt_50M.10 AFEVYG25014
1531325452805 W2 5 D 5 nt_50M.08 AFEVRP93014
1531325452809 W6 8 D 100 nt_50M.05 AFEVX33X014
1531325452885 W1 2 D 0 nt_50M.10 AFEVYG25014
1531325452885 W2 5 S 0 nt_50M.00 AFEVX33X014
1531325452885 W6 8 S 0 nr_50M.05 AFEVXPZC014
1531325452921 W6 8 D 100 nt_50M.102 AFEVX33X014
1531325452925 W1 2 S 0 nr_50M.02 AFEW0K6U014
1531325452973 W3 6 D 78 nt_50M.06 AFEVX33X014
1531325452994 W6 8 S 0 nt_50M.05 AFEVYG25014
1531325453030 W4 7 D 1 nt_50M.100 AFEVRP93014
1531325453047 W3 6 S 0 nr_50M.06 AFEVXPZC014
1531325453078 W4 7 S 0 nt_50M.03 AFEVX33X014
1531325453185 W6 8 D 0 nt_50M.05 AFEVYG25014
1531325453198 W4 7 D 2 nt_50M.03 AFEVRP93014
1531325453214 W6 8 S 0 nt_50M.102 AFEVYG25014
1531325453227 W2 5 D 73 nt_50M.00 AFEVRP93014
1531325453234 W4 7 S 0 nt_50M.100 AFEVX33X014
1531325453264 W2 5 S 0 nt_50M.08 AFEVX33X014
1531325453484 W0 1 D 100 nt_50M.04 AFEVX33X014
1531325453533 W6 8 D 0 nt_50M.102 AFEVYG25014
1531325453547 W0 1 S 0 nr_50M.04 AFEVXPZC014
1531325453591 W6 8 S 0 nr_50M.05 AFEW0K6U014
1531325453724 W3 6 D 100 nt_50M.103 AFEVX33X014
1531325453760 W3 6 S 0 nt_50M.06 AFEVYG25014
1531325453878 W3 6 D 0 nt_50M.06 AFEVYG25014
1531325453898 W3 6 S 0 nt_50M.103 AFEVYG25014
1531325453902 W0 1 D 100 nt_50M.101 AFEVX33X014
1531325453974 W0 1 S 0 nt_50M.04 AFEVYG25014
1531325454143 W3 6 D 0 nt_50M.103 AFEVYG25014
1531325454178 W3 6 S 0 nr_50M.06 AFEW0K6U014
1531325454257 W0 1 D 0 nt_50M.04 AFEVYG25014
1531325454275 W0 1 S 0 nt_50M.101 AFEVYG25014
1531325454614 W0 1 D 0 nt_50M.101 AFEVYG25014
1531325454645 W0 1 S 0 nr_50M.04 AFEW0K6U014
1531325454727 W4 7 D 100 nt_50M.03 AFEVX33X014
1531325454739 W5 4 D 37 nr_50M.07 AFEVXPZC014
1531325454768 W5 4 S 0 nt_50M.07 AFEW1ETX014
1531325454780 W4 7 S 0 nr_50M.03 AFEVXPZC014
1531325454819 W2 5 D 100 nt_50M.00 AFEVX33X014
1531325454884 W4 7 D 100 nt_50M.100 AFEVX33X014
1531325454912 W2 5 S 0 nr_50M.00 AFEVXPZC014
1531325454959 W4 7 S 0 nt_50M.03 AFEVYG25014
1531325454962 W2 5 D 100 nt_50M.08 AFEVX33X014
1531325454964 W5 4 D 0 nt_50M.07 AFEW1ETX014
1531325455010 W2 5 S 0 nt_50M.00 AFEVYG25014
1531325455171 W4 7 D 0 nt_50M.03 AFEVYG25014
1531325455193 W4 7 S 0 nt_50M.100 AFEVYG25014
1531325455472 W7 3 D 14 nr_50M.09 AFEVXPZC014
1531325455505 W2 5 D 1 nt_50M.00 AFEVYG25014
1531325455522 W4 7 D 1 nt_50M.100 AFEVYG25014
1531325455532 W7 3 S 0 nt_50M.01 AFEVYG25014
1531325455548 W2 5 S 0 nt_50M.08 AFEVYG25014
1531325455582 W4 7 S 0 nr_50M.03 AFEW0K6U014
1531325455587 W7 3 D 42 nr_50M.01 AFEVXPZC014
1531325455608 W7 3 S 0 nt_50M.09 AFEVYG25014
1531325455661 W2 5 D 0 nt_50M.08 AFEVYG25014
1531325455705 W7 3 D 0 nt_50M.09 AFEVYG25014
1531325455713 W7 3 D 0 nt_50M.01 AFEVYG25014
1531325455722 W5 4 S 0 nr_50M.07 AFEW3RM9014
1531325455728 W2 5 S 0 nr_50M.00 AFEW0K6U014
1531325455744 W7 3 S 0 nr_50M.09 AFEW0K6U014
1531325455745 W7 3 S 0 nr_50M.01 AFEW0K6U014
1531325455844 W5 11 S 0 nt_50M.07 AFEW0RN2014
1531325457481 W5 11 D 5 nt_50M.07 AFEW0RN2014
1531325457635 W5 11 S 0 nt_50M.01 AFEW0RN2014
1531325457648 W5 11 S 0 nt_50M.00 AFEW0RN2014
1531325457739 W5 4 D 1 nr_50M.07 AFEW0K6U014
1531325457881 W5 4 S 0 nt_50M.02 AFEW0RN2014
1531325458300 W1 10 D 18 nr_50M.10 AFEVXPZC014
1531325458653 W0 9 D 10 nr_50M.1000 AFEVXPZC014
1531325458782 W0 9 S 0 nt_50M.04 AFEW0RN2014
1531325458962 W1 10 S 0 nt_50M.10 AFEW0RN2014
1531325460042 W6 15 D 17 nr_50M.1001 AFEVXPZC014
1531325460178 W6 15 S 0 nt_50M.05 AFEW0RN2014
1531325460311 W1 2 D 38 nr_50M.02 AFEVXPZC014
1531325460373 W1 2 S 0 nt_50M.02 AFEW1ETX014
1531325460387 W7 3 D 1 nr_50M.09 AFEW0K6U014
1531325460427 W7 3 S 0 nt_50M.09 AFEW0RN2014
1531325460465 W5 11 D 14 nt_50M.01 AFEW0RN2014
1531325460483 W7 3 D 6 nr_50M.01 AFEW0K6U014
1531325460514 W7 3 S 0 nt_50M.01 AFEW1ETX014
1531325460587 W2 12 D 13 nr_50M.08 AFEVXPZC014
1531325460591 W5 11 S 0 nt_50M.07 AFEW49AC014
1531325460619 W7 3 D 15 nt_50M.01 AFEW1ETX014
1531325460621 W1 2 D 27 nt_50M.02 AFEW1ETX014
1531325460638 W7 3 S 0 nt_50M.09 AFEW1ETX014
1531325460640 W3 13 D 22 nr_50M.1002 AFEVXPZC014
1531325460655 W1 2 S 0 nt_50M.10 AFEW1ETX014
1531325460697 W2 12 S 0 nr_50M.08 AFEW3RM9014
1531325460704 W7 3 D 0 nt_50M.09 AFEW1ETX014
1531325460734 W7 3 S 0 nr_50M.01 AFEW3RM9014
1531325460762 W3 13 S 0 nr_50M.1002 AFEW3RM9014
1531325460825 W5 11 D 138 nt_50M.07 AFEW49AC014
1531325460836 W1 2 D 0 nt_50M.10 AFEW1ETX014
1531325460844 W5 4 D 10 nt_50M.02 AFEW0RN2014
1531325460909 W1 2 S 0 nr_50M.02 AFEW3RM9014
1531325460997 W0 9 D 1 nt_50M.04 AFEW0RN2014
1531325461083 W0 9 S 0 nr_50M.1000 AFEW3RM9014
1531325461113 W1 10 D 1 nr_50M.10 AFEW0K6U014
1531325461177 W1 10 S 0 nr_50M.10 AFEW3RM9014
1531325461214 W5 11 D 73 nt_50M.00 AFEW0RN2014
1531325461396 W4 14 D 15 nr_50M.100 AFEVXPZC014
1531325461498 W4 14 S 0 nr_50M.100 AFEW3RM9014
1531325461503 W1 10 D 2 nt_50M.10 AFEW0RN2014
1531325461539 W0 9 D 0 nr_50M.1000 AFEW0K6U014
1531325461564 W1 10 S 0 nt_50M.02 AFEW49AC014
1531325461576 W0 9 S 0 nt_50M.04 AFEW49AC014
1531325461869 W0 9 D 164 nt_50M.04 AFEW49AC014
1531325461883 W1 10 D 157 nt_50M.02 AFEW49AC014
1531325461931 W7 3 D 1 nt_50M.09 AFEW0RN2014
1531325461942 W7 3 S 0 nr_50M.09 AFEW3RM9014
1531325462023 W0 9 S 0 nt_50M.101 AFEW49AC014
1531325462041 W1 10 S 0 nt_50M.10 AFEW49AC014
1531325462206 W6 15 D 0 nt_50M.05 AFEW0RN2014
1531325462253 W0 1 D 20 nr_50M.04 AFEVXPZC014
1531325462277 W6 15 S 0 nr_50M.1001 AFEW3RM9014
1531325462283 W1 10 D 132 nt_50M.10 AFEW49AC014
1531325462309 W0 1 S 0 nt_50M.101 AFEW0RN2014
1531325462407 W0 9 D 146 nt_50M.101 AFEW49AC014
1531325462759 W6 15 D 0 nr_50M.1001 AFEW0K6U014
1531325462816 W6 15 S 0 nt_50M.05 AFEW49AC014
1531325463136 W6 15 D 165 nt_50M.05 AFEW49AC014
1531325463159 W6 8 D 21 nr_50M.05 AFEVXPZC014
1531325463223 W6 8 S 0 nt_50M.102 AFEW0RN2014
1531325463297 W1 2 D 8 nr_50M.02 AFEW0K6U014
1531325463378 W6 15 S 0 nt_50M.102 AFEW49AC014
1531325463535 W3 13 D 0 nr_50M.1002 AFEW0K6U014
1531325463646 W3 13 S 0 nt_50M.06 AFEW49AC014
1531325463689 W6 15 D 142 nt_50M.102 AFEW49AC014
1531325463784 W6 15 S 0 nt_50M.05 AFEW1ETX014
1531325463887 W0 1 D 6 nt_50M.101 AFEW0RN2014
1531325463896 W2 12 D 5 nr_50M.08 AFEW0K6U014
1531325463897 W3 13 D 152 nt_50M.06 AFEW49AC014
1531325463960 W0 1 D 0 nr_50M.04 AFEW0K6U014
1531325463977 W6 15 D 1 nt_50M.05 AFEW1ETX014
1531325463983 W0 1 S 0 nt_50M.04 AFEW1ETX014
1531325463990 W0 1 S 0 nt_50M.101 AFEW1ETX014
1531325464015 W2 12 S 0 nt_50M.00 AFEW49AC014
1531325464077 W3 13 S 0 nt_50M.103 AFEW49AC014
1531325464112 W0 1 D 12 nt_50M.04 AFEW1ETX014
1531325464123 W0 1 D 0 nt_50M.101 AFEW1ETX014
1531325464145 W3 6 D 23 nr_50M.06 AFEVXPZC014
1531325464149 W0 1 S 0 nr_50M.04 AFEW3RM9014
1531325464195 W3 6 S 0 nt_50M.06 AFEW0RN2014
1531325464369 W2 12 D 41 nt_50M.00 AFEW49AC014
1531325464384 W3 13 D 121 nt_50M.103 AFEW49AC014
1531325464450 W2 12 S 0 nt_50M.08 AFEW49AC014
1531325464657 W2 12 D 174 nt_50M.08 AFEW49AC014
1531325464764 W6 8 D 8 nt_50M.102 AFEW0RN2014
1531325464810 W6 8 S 0 nt_50M.102 AFEW1ETX014
1531325464909 W4 14 D 2 nr_50M.100 AFEW0K6U014
1531325465017 W6 8 D 2 nt_50M.102 AFEW1ETX014
1531325465018 W4 14 S 0 nt_50M.03 AFEW49AC014
1531325465056 W6 8 S 0 nr_50M.05 AFEW3RM9014
1531325465245 W4 7 D 31 nr_50M.03 AFEVXPZC014
1531325465319 W4 7 S 0 nt_50M.03 AFEW0RN2014
1531325465353 W4 14 D 184 nt_50M.03 AFEW49AC014
1531325465403 W5 4 D 43 nr_50M.07 AFEW3RM9014
1531325465546 W4 14 S 0 nt_50M.100 AFEW49AC014
1531325465577 W6 8 D 3 nr_50M.05 AFEW0K6U014
1531325465884 W4 14 D 132 nt_50M.100 AFEW49AC014
1531325465965 W3 6 D 2 nt_50M.06 AFEW0RN2014
1531325466008 W3 6 S 0 nt_50M.103 AFEW0RN2014
1531325466137 W2 5 D 41 nr_50M.00 AFEVXPZC014
1531325466228 W2 5 S 0 nt_50M.08 AFEW0RN2014
1531325466759 W5 4 S 0 nr_50M.07 AFEW4BNB014
1531325466771 W0 1 S 0 nr_50M.04 AFEW4BNB014
1531325466774 W1 2 S 0 nr_50M.02 AFEW4BNB014
1531325466781 W6 15 S 0 nr_50M.1001 AFEW4BNB014
1531325466787 W4 14 S 0 nr_50M.100 AFEW4BNB014
1531325466788 W0 9 S 0 nr_50M.1000 AFEW4BNB014
1531325466794 W1 10 S 0 nr_50M.10 AFEW4BNB014
1531325466794 W2 12 S 0 nr_50M.08 AFEW4BNB014
1531325466815 W6 8 S 0 nr_50M.05 AFEW4BNB014
1531325466817 W3 13 S 0 nr_50M.1002 AFEW4BNB014
1531325466937 W3 6 D 4 nr_50M.06 AFEW0K6U014
1531325466980 W3 6 S 0 nt_50M.06 AFEW1ETX014
1531325467143 W3 6 D 0 nt_50M.06 AFEW1ETX014
1531325467179 W3 6 S 0 nt_50M.103 AFEW1ETX014
1531325467234 W4 7 D 2 nt_50M.03 AFEW0RN2014
1531325467276 W4 7 S 0 nt_50M.100 AFEW0RN2014
1531325467522 W3 6 D 43 nt_50M.103 AFEW1ETX014
1531325467581 W3 6 S 0 nr_50M.06 AFEW3RM9014
1531325467669 W3 6 D 2 nt_50M.103 AFEW0RN2014
1531325467701 W3 6 S 0 nr_50M.06 AFEW4BNB014
1531325467946 W7 3 D 13 nr_50M.01 AFEW3RM9014
1531325467987 W7 3 S 0 nt_50M.01 AFEW49AC014
1531325468070 W5 4 D 0 nr_50M.07 AFEW4BNB014
1531325468171 W7 3 D 138 nt_50M.01 AFEW49AC014
1531325468205 W7 3 S 0 nt_50M.09 AFEW49AC014
1531325468281 W7 3 D 11 nt_50M.09 AFEW49AC014
1531325468320 W7 3 S 0 nr_50M.01 AFEW4BNB014
1531325468512 W2 5 D 5 nt_50M.08 AFEW0RN2014
1531325468548 W2 5 S 0 nt_50M.00 AFEW1ETX014
1531325468751 W4 7 D 1 nr_50M.03 AFEW0K6U014
1531325468803 W4 7 S 0 nt_50M.03 AFEW1ETX014
1531325468928 W5 4 S 0 nr_50M.07 AFEW5FVK014
1531325469022 W2 5 D 38 nt_50M.00 AFEW1ETX014
1531325469048 W2 5 S 0 nt_50M.08 AFEW1ETX014
1531325469050 W4 7 D 5 nt_50M.03 AFEW1ETX014
1531325469071 W4 7 S 0 nt_50M.100 AFEW1ETX014
1531325469160 W2 5 D 5 nr_50M.00 AFEW0K6U014
1531325469208 W2 5 S 0 nr_50M.00 AFEW3RM9014
1531325469314 W2 5 D 2 nt_50M.08 AFEW1ETX014
1531325469349 W4 7 D 0 nt_50M.100 AFEW1ETX014
1531325469358 W2 5 S 0 nr_50M.00 AFEW4BNB014
1531325469426 W4 7 S 0 nr_50M.03 AFEW3RM9014
1531325469452 W7 3 D 27 nr_50M.09 AFEW3RM9014
1531325469471 W7 3 S 0 nr_50M.09 AFEW4BNB014
1531325469480 W4 7 D 1 nt_50M.100 AFEW0RN2014
1531325469522 W4 7 S 0 nr_50M.03 AFEW4BNB014
1531325470279 W7 3 D 0 nr_50M.01 AFEW4BNB014
1531325470280 W1 2 D 0 nr_50M.02 AFEW4BNB014
1531325470321 W0 9 D 0 nr_50M.1000 AFEW4BNB014
1531325470326 W7 3 S 0 nr_50M.01 AFEW5FVK014
1531325470335 W1 2 S 0 nr_50M.02 AFEW5FVK014
1531325470351 W0 1 D 1 nr_50M.04 AFEW4BNB014
1531325470394 W0 1 S 0 nr_50M.04 AFEW5FVK014
1531325470404 W0 9 S 0 nr_50M.1000 AFEW5FVK014
1531325470767 W1 10 D 0 nr_50M.10 AFEW4BNB014
1531325470834 W1 10 S 0 nr_50M.10 AFEW5FVK014
1531325471060 W6 15 D 0 nr_50M.1001 AFEW4BNB014
1531325471117 W6 15 S 0 nr_50M.1001 AFEW5FVK014
1531325471265 W6 8 D 0 nr_50M.05 AFEW4BNB014
1531325471299 W6 8 S 0 nr_50M.05 AFEW5FVK014
1531325471488 W7 3 D 0 nr_50M.09 AFEW4BNB014
1531325471504 W7 3 S 0 nr_50M.09 AFEW5FVK014
1531325471591 W2 12 D 1 nr_50M.08 AFEW4BNB014
1531325471653 W3 13 D 0 nr_50M.1002 AFEW4BNB014
1531325471665 W2 12 S 0 nr_50M.08 AFEW5FVK014
1531325471683 W1 2 D 14 nr_50M.02 AFEW3RM9014
1531325471698 W3 13 S 0 nr_50M.1002 AFEW5FVK014
1531325472226 W4 14 D 1 nr_50M.100 AFEW4BNB014
1531325472269 W4 14 S 0 nr_50M.100 AFEW5FVK014
1531325472339 W3 6 D 1 nr_50M.06 AFEW4BNB014
1531325472392 W3 6 S 0 nr_50M.06 AFEW5FVK014
1531325472483 W1 10 D 21 nr_50M.10 AFEW3RM9014
1531325474028 W4 7 D 0 nr_50M.03 AFEW4BNB014
1531325474080 W4 7 S 0 nr_50M.03 AFEW5FVK014
1531325474575 W2 5 D 0 nr_50M.00 AFEW4BNB014
1531325474625 W2 5 S 0 nr_50M.00 AFEW5FVK014
1531325474942 W0 9 D 61 nr_50M.1000 AFEW3RM9014
1531325476823 W0 1 D 41 nr_50M.04 AFEW3RM9014
1531325476993 W5 4 D 4 nr_50M.07 AFEW5FVK014
1531325478027 W6 15 D 45 nr_50M.1001 AFEW3RM9014
1531325479314 W3 13 D 31 nr_50M.1002 AFEW3RM9014
1531325480095 W7 3 D 4 nr_50M.01 AFEW5FVK014
1531325480820 W7 3 D 5 nr_50M.09 AFEW5FVK014
1531325481025 W6 8 D 35 nr_50M.05 AFEW3RM9014
1531325481143 W1 2 D 7 nr_50M.02 AFEW5FVK014
1531325481155 W4 14 D 37 nr_50M.100 AFEW3RM9014
1531325481820 W2 12 D 79 nr_50M.08 AFEW3RM9014
1531325481883 W1 10 D 1 nr_50M.10 AFEW5FVK014
1531325482977 W0 1 D 3 nr_50M.04 AFEW5FVK014
1531325483221 W0 9 D 0 nr_50M.1000 AFEW5FVK014
1531325485611 W3 6 D 68 nr_50M.06 AFEW3RM9014
1531325485664 W4 7 D 24 nr_50M.03 AFEW3RM9014
1531325486897 W6 8 D 13 nr_50M.05 AFEW5FVK014
1531325487223 W6 15 D 3 nr_50M.1001 AFEW5FVK014
1531325487475 W2 5 D 19 nr_50M.00 AFEW3RM9014
1531325490360 W3 13 D 0 nr_50M.1002 AFEW5FVK014
1531325490501 W3 6 D 2 nr_50M.06 AFEW5FVK014
1531325491339 W2 12 D 0 nr_50M.08 AFEW5FVK014
1531325491496 W4 14 D 13 nr_50M.100 AFEW5FVK014
1531325491642 W4 7 D 7 nr_50M.03 AFEW5FVK014
1531325493235 W2 5 D 4 nr_50M.00 AFEW5FVK014
