1531768349212 W6 1 S 0 nt_50M.05 AFEVGV0P014
1531768349212 W6 1 S 0 nt_50M.102 AFEVGV0P014
1531768349217 W4 8 S 0 nt_50M.03 AFEVGV0P014
1531768349217 W4 8 S 0 nt_50M.100 AFEVGV0P014
1531768349218 W0 6 S 0 nt_50M.04 AFEVGV0P014
1531768349218 W0 6 S 0 nt_50M.101 AFEVGV0P014
1531768349224 W2 2 S 0 nt_50M.00 AFEVGV0P014
1531768349224 W2 2 S 0 nt_50M.08 AFEVGV0P014
1531768349225 W3 7 S 0 nt_50M.103 AFEVGV0P014
1531768349226 W3 7 S 0 nt_50M.06 AFEVGV0P014
1531768349233 W7 5 S 0 nt_50M.01 AFEVGV0P014
1531768349233 W7 5 S 0 nt_50M.09 AFEVGV0P014
1531768349262 W1 3 S 0 nt_50M.02 AFEVGV0P014
1531768349262 W1 3 S 0 nt_50M.10 AFEVGV0P014
1531768349276 W5 4 S 0 nt_50M.07 AFEVGV0P014
1531768349276 W5 4 S 0 nt_50M.104 AFEVGV0P014
1531768349288 W0 6 D 4 nt_50M.04 AFEVGV0P014
1531768349315 W6 1 D 26 nt_50M.05 AFEVGV0P014
1531768349324 W7 5 D 11 nt_50M.09 AFEVGV0P014
1531768349330 W3 7 D 4 nt_50M.06 AFEVGV0P014
1531768349332 W6 1 D 1 nt_50M.102 AFEVGV0P014
1531768349337 W4 8 D 34 nt_50M.100 AFEVGV0P014
1531768349341 W0 6 D 66 nt_50M.101 AFEVGV0P014
1531768349343 W2 2 D 19 nt_50M.08 AFEVGV0P014
1531768349344 W4 8 D 34 nt_50M.03 AFEVGV0P014
1531768349352 W1 3 D 41 nt_50M.02 AFEVGV0P014
1531768349373 W6 1 S 0 nt_50M.05 AFEVJ4EE014
1531768349374 W3 7 D 100 nt_50M.103 AFEVGV0P014
1531768349375 W0 6 S 0 nt_50M.04 AFEVJ4EE014
1531768349377 W6 1 S 0 nt_50M.102 AFEVJ4EE014
1531768349389 W5 4 D 42 nt_50M.07 AFEVGV0P014
1531768349391 W7 5 D 39 nt_50M.01 AFEVGV0P014
1531768349396 W2 2 D 11 nt_50M.00 AFEVGV0P014
1531768349404 W0 6 S 0 nt_50M.101 AFEVJ4EE014
1531768349407 W3 7 S 0 nt_50M.06 AFEVJ4EE014
1531768349409 W7 5 S 0 nt_50M.01 AFEVJ4EE014
1531768349416 W4 8 S 0 nt_50M.03 AFEVJ4EE014
1531768349417 W4 8 S 0 nt_50M.100 AFEVJ4EE014
1531768349430 W1 3 S 0 nt_50M.02 AFEVJ4EE014
1531768349433 W5 4 D 24 nt_50M.104 AFEVGV0P014
1531768349445 W6 1 D 0 nt_50M.05 AFEVJ4EE014
1531768349446 W1 3 D 9 nt_50M.10 AFEVGV0P014
1531768349451 W0 6 D 0 nt_50M.04 AFEVJ4EE014
1531768349458 W7 5 S 0 nt_50M.09 AFEVJ4EE014
1531768349463 W3 7 S 0 nt_50M.103 AFEVJ4EE014
1531768349464 W2 2 S 0 nt_50M.00 AFEVJ4EE014
1531768349464 W5 4 S 0 nt_50M.07 AFEVJ4EE014
1531768349465 W2 2 S 0 nt_50M.08 AFEVJ4EE014
1531768349470 W6 1 D 0 nt_50M.102 AFEVJ4EE014
1531768349471 W1 3 S 0 nt_50M.10 AFEVJ4EE014
1531768349476 W5 4 S 0 nt_50M.104 AFEVJ4EE014
1531768349486 W0 6 S 0 nt_50M.04 AFEVKCK9014
1531768349488 W6 1 S 0 nt_50M.05 AFEVKCK9014
1531768349498 W4 8 D 0 nt_50M.03 AFEVJ4EE014
1531768349499 W4 8 D 0 nt_50M.100 AFEVJ4EE014
1531768349499 W7 5 D 0 nt_50M.01 AFEVJ4EE014
1531768349500 W6 1 S 0 nt_50M.102 AFEVKCK9014
1531768349514 W0 6 D 0 nt_50M.101 AFEVJ4EE014
1531768349524 W3 7 D 0 nt_50M.06 AFEVJ4EE014
1531768349531 W1 3 D 0 nt_50M.02 AFEVJ4EE014
1531768349531 W2 2 D 0 nt_50M.08 AFEVJ4EE014
1531768349532 W3 7 D 0 nt_50M.103 AFEVJ4EE014
1531768349535 W4 8 S 0 nt_50M.03 AFEVKCK9014
1531768349535 W4 8 S 0 nt_50M.100 AFEVKCK9014
1531768349541 W5 4 D 0 nt_50M.07 AFEVJ4EE014
1531768349542 W0 6 S 0 nt_50M.101 AFEVKCK9014
1531768349545 W7 5 S 0 nt_50M.01 AFEVKCK9014
1531768349556 W1 3 D 0 nt_50M.10 AFEVJ4EE014
1531768349556 W6 1 D 0 nt_50M.05 AFEVKCK9014
1531768349563 W3 7 S 0 nt_50M.06 AFEVKCK9014
1531768349565 W3 7 S 0 nt_50M.103 AFEVKCK9014
1531768349567 W7 5 D 0 nt_50M.09 AFEVJ4EE014
1531768349572 W5 4 D 0 nt_50M.104 AFEVJ4EE014
1531768349586 W7 5 S 0 nt_50M.09 AFEVKCK9014
1531768349587 W6 1 D 0 nt_50M.102 AFEVKCK9014
1531768349590 W1 3 S 0 nt_50M.02 AFEVKCK9014
1531768349592 W5 4 S 0 nt_50M.07 AFEVKCK9014
1531768349595 W0 6 D 0 nt_50M.04 AFEVKCK9014
1531768349600 W1 3 S 0 nt_50M.10 AFEVKCK9014
1531768349600 W4 8 D 0 nt_50M.03 AFEVKCK9014
1531768349612 W2 2 D 2 nt_50M.00 AFEVJ4EE014
1531768349615 W3 7 D 0 nt_50M.06 AFEVKCK9014
1531768349628 W4 8 D 0 nt_50M.100 AFEVKCK9014
1531768349629 W0 6 D 0 nt_50M.101 AFEVKCK9014
1531768349641 W5 4 D 0 nt_50M.07 AFEVKCK9014
1531768349657 W3 7 D 0 nt_50M.103 AFEVKCK9014
1531768349663 W7 5 D 0 nt_50M.09 AFEVKCK9014
1531768349667 W5 4 S 0 nt_50M.104 AFEVKCK9014
1531768349674 W1 3 D 0 nt_50M.10 AFEVKCK9014
1531768349677 W7 5 D 0 nt_50M.01 AFEVKCK9014
1531768349678 W2 2 S 0 nt_50M.00 AFEVKCK9014
1531768349679 W1 3 D 0 nt_50M.02 AFEVKCK9014
1531768349707 W2 2 S 0 nt_50M.08 AFEVKCK9014
1531768349707 W6 1 S 0 nt_50M.05 AFEVKWCH014
1531768349714 W6 1 S 0 nt_50M.102 AFEVKWCH014
1531768349725 W0 6 S 0 nt_50M.04 AFEVKWCH014
1531768349725 W0 6 S 0 nt_50M.101 AFEVKWCH014
1531768349727 W4 8 S 0 nt_50M.03 AFEVKWCH014
1531768349745 W4 8 S 0 nt_50M.100 AFEVKWCH014
1531768349750 W7 5 S 0 nt_50M.09 AFEVKWCH014
1531768349751 W1 3 S 0 nt_50M.10 AFEVKWCH014
1531768349752 W1 3 S 0 nt_50M.02 AFEVKWCH014
1531768349752 W3 7 S 0 nt_50M.103 AFEVKWCH014
1531768349754 W3 7 S 0 nt_50M.06 AFEVKWCH014
1531768349754 W7 5 S 0 nt_50M.01 AFEVKWCH014
1531768349768 W2 2 D 0 nt_50M.08 AFEVKCK9014
1531768349779 W6 1 D 9 nt_50M.05 AFEVKWCH014
1531768349807 W6 1 D 7 nt_50M.102 AFEVKWCH014
1531768349814 W2 2 D 0 nt_50M.00 AFEVKCK9014
1531768349823 W0 6 D 0 nt_50M.04 AFEVKWCH014
1531768349823 W3 7 D 9 nt_50M.06 AFEVKWCH014
1531768349826 W4 8 D 37 nt_50M.03 AFEVKWCH014
1531768349826 W7 5 D 17 nt_50M.09 AFEVKWCH014
1531768349828 W2 2 S 0 nt_50M.00 AFEVKWCH014
1531768349829 W1 3 D 3 nt_50M.10 AFEVKWCH014
1531768349831 W6 1 S 0 nt_50M.05 AFEVMVZM014
1531768349831 W6 1 S 0 nt_50M.102 AFEVMVZM014
1531768349840 W4 8 D 34 nt_50M.100 AFEVKWCH014
1531768349846 W0 6 D 100 nt_50M.101 AFEVKWCH014
1531768349846 W2 2 S 0 nt_50M.08 AFEVKWCH014
1531768349872 W4 8 S 0 nt_50M.03 AFEVMVZM014
1531768349873 W1 3 D 52 nt_50M.02 AFEVKWCH014
1531768349873 W4 8 S 0 nt_50M.100 AFEVMVZM014
1531768349882 W3 7 S 0 nt_50M.06 AFEVMVZM014
1531768349889 W6 1 D 0 nt_50M.05 AFEVMVZM014
1531768349892 W0 6 S 0 nt_50M.04 AFEVMVZM014
1531768349892 W7 5 S 0 nt_50M.01 AFEVMVZM014
1531768349895 W0 6 S 0 nt_50M.101 AFEVMVZM014
1531768349898 W1 3 S 0 nt_50M.02 AFEVMVZM014
1531768349899 W3 7 D 71 nt_50M.103 AFEVKWCH014
1531768349908 W7 5 D 21 nt_50M.01 AFEVKWCH014
1531768349909 W6 1 D 0 nt_50M.102 AFEVMVZM014
1531768349914 W6 1 S 0 nt_50M.05 AFEVN6PB014
1531768349915 W1 3 S 0 nt_50M.10 AFEVMVZM014
1531768349925 W2 2 D 24 nt_50M.08 AFEVKWCH014
1531768349927 W6 1 S 0 nt_50M.102 AFEVN6PB014
1531768349932 W3 7 S 0 nt_50M.103 AFEVMVZM014
1531768349936 W7 5 S 0 nt_50M.09 AFEVMVZM014
1531768349952 W4 8 D 0 nt_50M.03 AFEVMVZM014
1531768349967 W2 2 D 5 nt_50M.00 AFEVKWCH014
1531768349969 W3 7 D 0 nt_50M.06 AFEVMVZM014
1531768349977 W7 5 D 0 nt_50M.01 AFEVMVZM014
1531768349980 W0 6 D 0 nt_50M.04 AFEVMVZM014
1531768349980 W4 8 D 0 nt_50M.100 AFEVMVZM014
1531768349984 W1 3 D 0 nt_50M.02 AFEVMVZM014
1531768349987 W0 6 D 0 nt_50M.101 AFEVMVZM014
1531768349987 W1 3 D 0 nt_50M.10 AFEVMVZM014
1531768350002 W2 2 S 0 nt_50M.00 AFEVMVZM014
1531768350003 W2 2 S 0 nt_50M.08 AFEVMVZM014
1531768350011 W4 8 S 0 nt_50M.03 AFEVN6PB014
1531768350013 W4 8 S 0 nt_50M.100 AFEVN6PB014
1531768350015 W3 7 S 0 nt_50M.06 AFEVN6PB014
1531768350018 W7 5 D 0 nt_50M.09 AFEVMVZM014
1531768350022 W0 6 S 0 nt_50M.101 AFEVN6PB014
1531768350023 W0 6 S 0 nt_50M.04 AFEVN6PB014
1531768350023 W1 3 S 0 nt_50M.10 AFEVN6PB014
1531768350025 W1 3 S 0 nt_50M.02 AFEVN6PB014
1531768350027 W5 4 D 0 nt_50M.104 AFEVKCK9014
1531768350029 W7 5 S 0 nt_50M.01 AFEVN6PB014
1531768350034 W6 1 D 100 nt_50M.05 AFEVN6PB014
1531768350038 W3 7 D 11 nt_50M.103 AFEVMVZM014
1531768350057 W5 4 S 0 nt_50M.07 AFEVKWCH014
1531768350062 W7 5 S 0 nt_50M.09 AFEVN6PB014
1531768350065 W2 2 D 0 nt_50M.08 AFEVMVZM014
1531768350072 W5 4 S 0 nt_50M.104 AFEVKWCH014
1531768350089 W3 7 S 0 nt_50M.103 AFEVN6PB014
1531768350104 W2 2 S 0 nt_50M.00 AFEVN6PB014
1531768350143 W5 4 D 100 nt_50M.07 AFEVKWCH014
1531768350148 W6 1 D 112 nt_50M.102 AFEVN6PB014
1531768350152 W2 2 D 0 nt_50M.00 AFEVMVZM014
1531768350160 W0 6 D 100 nt_50M.04 AFEVN6PB014
1531768350170 W2 2 S 0 nt_50M.08 AFEVN6PB014
1531768350183 W3 7 D 100 nt_50M.06 AFEVN6PB014
1531768350185 W6 1 S 0 nt_50M.102 AFEVP7WY014
1531768350187 W7 5 D 113 nt_50M.09 AFEVN6PB014
1531768350191 W1 3 D 101 nt_50M.10 AFEVN6PB014
1531768350194 W6 1 S 0 nt_50M.05 AFEVP7WY014
1531768350198 W5 4 S 0 nt_50M.07 AFEVMVZM014
1531768350199 W0 6 S 0 nt_50M.04 AFEVP7WY014
1531768350226 W4 8 D 100 nt_50M.03 AFEVN6PB014
1531768350240 W4 8 D 106 nt_50M.100 AFEVN6PB014
1531768350243 W3 7 S 0 nt_50M.06 AFEVP7WY014
1531768350246 W5 4 D 61 nt_50M.104 AFEVKWCH014
1531768350248 W1 3 D 100 nt_50M.02 AFEVN6PB014
1531768350250 W7 5 S 0 nt_50M.01 AFEVP7WY014
1531768350253 W1 3 S 0 nt_50M.02 AFEVP7WY014
1531768350267 W5 4 S 0 nt_50M.104 AFEVMVZM014
1531768350271 W5 4 D 0 nt_50M.07 AFEVMVZM014
1531768350278 W1 3 S 0 nt_50M.10 AFEVP7WY014
1531768350280 W2 2 D 104 nt_50M.08 AFEVN6PB014
1531768350300 W5 4 S 0 nt_50M.07 AFEVN6PB014
1531768350300 W7 5 D 100 nt_50M.01 AFEVN6PB014
1531768350310 W4 8 S 0 nt_50M.100 AFEVP7WY014
1531768350318 W4 8 S 0 nt_50M.03 AFEVP7WY014
1531768350339 W7 5 S 0 nt_50M.09 AFEVP7WY014
1531768350342 W3 7 D 106 nt_50M.103 AFEVN6PB014
1531768350346 W0 6 D 100 nt_50M.04 AFEVP7WY014
1531768350352 W6 1 D 101 nt_50M.05 AFEVP7WY014
1531768350354 W5 4 D 1 nt_50M.104 AFEVMVZM014
1531768350362 W0 6 S 0 nt_50M.101 AFEVP7WY014
1531768350363 W2 2 S 0 nt_50M.00 AFEVP7WY014
1531768350371 W3 7 S 0 nt_50M.103 AFEVP7WY014
1531768350388 W5 4 S 0 nt_50M.104 AFEVN6PB014
1531768350392 W6 1 S 0 nt_50M.05 AFEVPJZG014
1531768350398 W6 1 D 112 nt_50M.102 AFEVP7WY014
1531768350423 W3 7 D 100 nt_50M.06 AFEVP7WY014
1531768350423 W5 4 D 101 nt_50M.07 AFEVN6PB014
1531768350437 W6 1 S 0 nt_50M.102 AFEVPJZG014
1531768350444 W1 3 D 100 nt_50M.10 AFEVP7WY014
1531768350445 W2 2 D 101 nt_50M.00 AFEVN6PB014
1531768350452 W5 4 S 0 nt_50M.07 AFEVP7WY014
1531768350459 W3 7 S 0 nt_50M.06 AFEVPJZG014
1531768350468 W2 2 S 0 nt_50M.08 AFEVP7WY014
1531768350473 W0 6 D 112 nt_50M.101 AFEVN6PB014
1531768350490 W6 1 D 0 nt_50M.05 AFEVPJZG014
1531768350497 W7 5 D 105 nt_50M.09 AFEVP7WY014
1531768350499 W1 3 S 0 nt_50M.02 AFEVPJZG014
1531768350512 W3 7 D 0 nt_50M.06 AFEVPJZG014
1531768350514 W4 8 D 115 nt_50M.100 AFEVP7WY014
1531768350522 W0 6 S 0 nt_50M.04 AFEVPJZG014
1531768350522 W6 1 S 0 nt_50M.05 AFEVRP93014
1531768350527 W3 7 S 0 nt_50M.103 AFEVPJZG014
1531768350530 W6 1 D 0 nt_50M.102 AFEVPJZG014
1531768350545 W1 3 D 100 nt_50M.02 AFEVP7WY014
1531768350546 W7 5 S 0 nt_50M.01 AFEVPJZG014
1531768350550 W6 1 S 0 nt_50M.102 AFEVRP93014
1531768350566 W4 8 D 100 nt_50M.03 AFEVP7WY014
1531768350579 W1 3 S 0 nt_50M.10 AFEVPJZG014
1531768350583 W4 8 S 0 nt_50M.03 AFEVPJZG014
1531768350591 W0 6 D 0 nt_50M.04 AFEVPJZG014
1531768350592 W4 8 S 0 nt_50M.100 AFEVPJZG014
1531768350603 W1 3 D 0 nt_50M.02 AFEVPJZG014
1531768350604 W3 7 D 0 nt_50M.103 AFEVPJZG014
1531768350605 W5 4 D 101 nt_50M.07 AFEVP7WY014
1531768350608 W0 6 S 0 nt_50M.101 AFEVPJZG014
1531768350619 W2 2 D 104 nt_50M.08 AFEVP7WY014
1531768350623 W7 5 D 100 nt_50M.01 AFEVP7WY014
1531768350644 W7 5 S 0 nt_50M.09 AFEVPJZG014
1531768350647 W3 7 S 0 nt_50M.06 AFEVRP93014
1531768350647 W5 4 S 0 nt_50M.104 AFEVP7WY014
1531768350649 W1 3 S 0 nt_50M.02 AFEVRP93014
1531768350659 W4 8 D 0 nt_50M.03 AFEVPJZG014
1531768350674 W2 2 S 0 nt_50M.00 AFEVPJZG014
1531768350698 W4 8 D 0 nt_50M.100 AFEVPJZG014
1531768350699 W7 5 D 0 nt_50M.01 AFEVPJZG014
1531768350702 W4 8 S 0 nt_50M.03 AFEVRP93014
1531768350703 W0 6 D 0 nt_50M.101 AFEVPJZG014
1531768350719 W4 8 S 0 nt_50M.100 AFEVRP93014
1531768350722 W1 3 D 0 nt_50M.10 AFEVPJZG014
1531768350723 W3 7 D 116 nt_50M.103 AFEVP7WY014
1531768350725 W7 5 D 0 nt_50M.09 AFEVPJZG014
1531768350740 W1 3 S 0 nt_50M.10 AFEVRP93014
1531768350740 W3 7 S 0 nt_50M.103 AFEVRP93014
1531768350750 W0 6 S 0 nt_50M.04 AFEVRP93014
1531768350753 W7 5 S 0 nt_50M.01 AFEVRP93014
1531768350757 W2 2 D 101 nt_50M.00 AFEVP7WY014
1531768350758 W7 5 S 0 nt_50M.09 AFEVRP93014
1531768350796 W2 2 S 0 nt_50M.08 AFEVPJZG014
1531768350828 W2 2 D 0 nt_50M.00 AFEVPJZG014
1531768350854 W2 2 S 0 nt_50M.00 AFEVRP93014
1531768350880 W2 2 D 0 nt_50M.08 AFEVPJZG014
1531768350911 W2 2 S 0 nt_50M.08 AFEVRP93014
1531768350923 W5 4 D 106 nt_50M.104 AFEVN6PB014
1531768350975 W5 4 S 0 nt_50M.07 AFEVPJZG014
1531768351039 W5 4 D 0 nt_50M.07 AFEVPJZG014
1531768351054 W0 6 D 112 nt_50M.101 AFEVP7WY014
1531768351063 W5 4 S 0 nt_50M.104 AFEVPJZG014
1531768351070 W0 6 S 0 nt_50M.101 AFEVRP93014
1531768351176 W6 1 D 8 nt_50M.102 AFEVRP93014
1531768351188 W5 4 D 0 nt_50M.104 AFEVPJZG014
1531768351203 W6 1 S 0 nt_50M.05 AFEVX33X014
1531768351250 W5 4 S 0 nt_50M.07 AFEVRP93014
1531768351312 W5 4 D 106 nt_50M.104 AFEVP7WY014
1531768351342 W5 4 S 0 nt_50M.104 AFEVRP93014
1531768351346 W6 1 D 0 nt_50M.05 AFEVRP93014
1531768351364 W6 1 S 0 nt_50M.102 AFEVX33X014
1531768351732 W4 8 D 1 nt_50M.100 AFEVRP93014
1531768351761 W1 3 D 2 nt_50M.10 AFEVRP93014
1531768351766 W1 3 D 10 nt_50M.02 AFEVRP93014
1531768351774 W4 8 S 0 nt_50M.03 AFEVX33X014
1531768351810 W1 3 S 0 nt_50M.02 AFEVX33X014
1531768351810 W1 3 S 0 nt_50M.10 AFEVX33X014
1531768351861 W4 8 D 2 nt_50M.03 AFEVRP93014
1531768351885 W0 6 D 1 nt_50M.04 AFEVRP93014
1531768351886 W4 8 S 0 nt_50M.100 AFEVX33X014
1531768351904 W7 5 D 1 nt_50M.09 AFEVRP93014
1531768351921 W0 6 S 0 nt_50M.04 AFEVX33X014
1531768351960 W7 5 S 0 nt_50M.01 AFEVX33X014
1531768352012 W3 7 D 2 nt_50M.103 AFEVRP93014
1531768352059 W7 5 D 14 nt_50M.01 AFEVRP93014
1531768352066 W3 7 S 0 nt_50M.06 AFEVX33X014
1531768352087 W7 5 S 0 nt_50M.09 AFEVX33X014
1531768352131 W0 6 D 6 nt_50M.101 AFEVRP93014
1531768352141 W0 6 S 0 nt_50M.101 AFEVX33X014
1531768352182 W3 7 D 2 nt_50M.06 AFEVRP93014
1531768352215 W3 7 S 0 nt_50M.103 AFEVX33X014
1531768352253 W2 2 D 73 nt_50M.00 AFEVRP93014
1531768352273 W2 2 D 5 nt_50M.08 AFEVRP93014
1531768352275 W5 4 D 5 nt_50M.07 AFEVRP93014
1531768352306 W2 2 S 0 nt_50M.00 AFEVX33X014
1531768352307 W2 2 S 0 nt_50M.08 AFEVX33X014
1531768352320 W5 4 S 0 nt_50M.07 AFEVX33X014
1531768352336 W5 4 D 11 nt_50M.104 AFEVRP93014
1531768352354 W5 4 S 0 nt_50M.104 AFEVX33X014
1531768352396 W6 1 D 100 nt_50M.05 AFEVX33X014
1531768352448 W6 1 S 0 nt_50M.05 AFEVYG25014
1531768352514 W6 1 D 100 nt_50M.102 AFEVX33X014
1531768352534 W6 1 D 0 nt_50M.05 AFEVYG25014
1531768352542 W6 1 S 0 nt_50M.102 AFEVYG25014
1531768352577 W6 1 S 0 nt_50M.05 AFEW0RN2014
1531768352655 W4 8 D 100 nt_50M.03 AFEVX33X014
1531768352687 W6 1 D 0 nt_50M.102 AFEVYG25014
1531768352705 W6 1 S 0 nt_50M.102 AFEW0RN2014
1531768352709 W4 8 S 0 nt_50M.03 AFEVYG25014
1531768352714 W3 7 D 78 nt_50M.06 AFEVX33X014
1531768352759 W3 7 S 0 nt_50M.06 AFEVYG25014
1531768352811 W0 6 D 100 nt_50M.04 AFEVX33X014
1531768352811 W4 8 D 0 nt_50M.03 AFEVYG25014
1531768352830 W4 8 S 0 nt_50M.100 AFEVYG25014
1531768352832 W4 8 D 100 nt_50M.100 AFEVX33X014
1531768352865 W0 6 S 0 nt_50M.04 AFEVYG25014
1531768352875 W4 8 S 0 nt_50M.03 AFEW0RN2014
1531768352877 W3 7 D 0 nt_50M.06 AFEVYG25014
1531768352901 W3 7 S 0 nt_50M.103 AFEVYG25014
1531768352929 W7 5 D 81 nt_50M.09 AFEVX33X014
1531768352947 W0 6 D 0 nt_50M.04 AFEVYG25014
1531768352971 W1 3 D 100 nt_50M.10 AFEVX33X014
1531768352972 W0 6 S 0 nt_50M.101 AFEVYG25014
1531768352988 W7 5 S 0 nt_50M.01 AFEVYG25014
1531768352994 W4 8 D 1 nt_50M.100 AFEVYG25014
1531768353013 W4 8 S 0 nt_50M.100 AFEW0RN2014
1531768353025 W1 3 S 0 nt_50M.02 AFEVYG25014
1531768353043 W3 7 D 0 nt_50M.103 AFEVYG25014
1531768353062 W2 2 D 100 nt_50M.08 AFEVX33X014
1531768353080 W3 7 S 0 nt_50M.06 AFEW0RN2014
1531768353081 W0 6 D 0 nt_50M.101 AFEVYG25014
1531768353104 W7 5 D 100 nt_50M.01 AFEVX33X014
1531768353121 W0 6 S 0 nt_50M.04 AFEW0RN2014
1531768353127 W2 2 S 0 nt_50M.00 AFEVYG25014
1531768353131 W1 3 D 100 nt_50M.02 AFEVX33X014
1531768353144 W7 5 S 0 nt_50M.09 AFEVYG25014
1531768353161 W1 3 S 0 nt_50M.10 AFEVYG25014
1531768353174 W2 2 D 100 nt_50M.00 AFEVX33X014
1531768353174 W7 5 D 0 nt_50M.01 AFEVYG25014
1531768353207 W2 2 S 0 nt_50M.08 AFEVYG25014
1531768353214 W7 5 S 0 nt_50M.01 AFEW0RN2014
1531768353215 W1 3 D 0 nt_50M.02 AFEVYG25014
1531768353235 W1 3 D 0 nt_50M.10 AFEVYG25014
1531768353244 W7 5 D 0 nt_50M.09 AFEVYG25014
1531768353253 W1 3 S 0 nt_50M.02 AFEW0RN2014
1531768353269 W1 3 S 0 nt_50M.10 AFEW0RN2014
1531768353275 W7 5 S 0 nt_50M.09 AFEW0RN2014
1531768353281 W0 6 D 100 nt_50M.101 AFEVX33X014
1531768353305 W0 6 S 0 nt_50M.101 AFEW0RN2014
1531768353332 W2 2 D 0 nt_50M.08 AFEVYG25014
1531768353375 W2 2 S 0 nt_50M.00 AFEW0RN2014
1531768353436 W3 7 D 100 nt_50M.103 AFEVX33X014
1531768353467 W3 7 S 0 nt_50M.103 AFEW0RN2014
1531768353488 W5 4 D 100 nt_50M.07 AFEVX33X014
1531768353492 W2 2 D 1 nt_50M.00 AFEVYG25014
1531768353514 W2 2 S 0 nt_50M.08 AFEW0RN2014
1531768353541 W5 4 S 0 nt_50M.07 AFEVYG25014
1531768353599 W5 4 D 0 nt_50M.07 AFEVYG25014
1531768353620 W6 1 D 0 nt_50M.05 AFEW0RN2014
1531768353622 W5 4 S 0 nt_50M.104 AFEVYG25014
1531768353656 W6 1 S 0 nt_50M.05 AFEW1ETX014
1531768353727 W6 1 D 8 nt_50M.102 AFEW0RN2014
1531768353740 W6 1 S 0 nt_50M.102 AFEW1ETX014
1531768353769 W5 4 D 0 nt_50M.104 AFEVYG25014
1531768353785 W5 4 D 100 nt_50M.104 AFEVX33X014
1531768353797 W5 4 S 0 nt_50M.07 AFEW0RN2014
1531768353811 W5 4 S 0 nt_50M.104 AFEW0RN2014
1531768353832 W6 1 D 1 nt_50M.05 AFEW1ETX014
1531768353872 W6 1 S 0 nt_50M.05 AFEW49AC014
1531768353880 W6 1 D 2 nt_50M.102 AFEW1ETX014
1531768353898 W6 1 S 0 nt_50M.102 AFEW49AC014
1531768354110 W6 1 D 165 nt_50M.05 AFEW49AC014
1531768354138 W6 1 D 142 nt_50M.102 AFEW49AC014
1531768354303 W4 8 D 1 nt_50M.100 AFEW0RN2014
1531768354330 W4 8 S 0 nt_50M.03 AFEW1ETX014
1531768354376 W4 8 D 2 nt_50M.03 AFEW0RN2014
1531768354393 W4 8 S 0 nt_50M.100 AFEW1ETX014
1531768354406 W3 7 D 2 nt_50M.06 AFEW0RN2014
1531768354457 W3 7 S 0 nt_50M.06 AFEW1ETX014
1531768354499 W4 8 D 5 nt_50M.03 AFEW1ETX014
1531768354523 W4 8 S 0 nt_50M.03 AFEW49AC014
1531768354531 W3 7 D 0 nt_50M.06 AFEW1ETX014
1531768354560 W0 6 D 1 nt_50M.04 AFEW0RN2014
1531768354564 W3 7 S 0 nt_50M.103 AFEW1ETX014
1531768354574 W4 8 D 0 nt_50M.100 AFEW1ETX014
1531768354585 W4 8 S 0 nt_50M.100 AFEW49AC014
1531768354607 W0 6 S 0 nt_50M.04 AFEW1ETX014
1531768354608 W0 6 D 6 nt_50M.101 AFEW0RN2014
1531768354629 W0 6 S 0 nt_50M.101 AFEW1ETX014
1531768354637 W3 7 D 2 nt_50M.103 AFEW0RN2014
1531768354674 W7 5 D 14 nt_50M.01 AFEW0RN2014
1531768354685 W3 7 S 0 nt_50M.06 AFEW49AC014
1531768354699 W1 3 D 10 nt_50M.02 AFEW0RN2014
1531768354706 W0 6 D 12 nt_50M.04 AFEW1ETX014
1531768354706 W7 5 S 0 nt_50M.01 AFEW1ETX014
1531768354729 W3 7 D 43 nt_50M.103 AFEW1ETX014
1531768354742 W1 3 S 0 nt_50M.02 AFEW1ETX014
1531768354743 W3 7 S 0 nt_50M.103 AFEW49AC014
1531768354744 W0 6 S 0 nt_50M.04 AFEW49AC014
1531768354759 W0 6 D 0 nt_50M.101 AFEW1ETX014
1531768354769 W0 6 S 0 nt_50M.101 AFEW49AC014
1531768354778 W4 8 D 184 nt_50M.03 AFEW49AC014
1531768354818 W7 5 D 1 nt_50M.09 AFEW0RN2014
1531768354836 W1 3 D 2 nt_50M.10 AFEW0RN2014
1531768354837 W7 5 S 0 nt_50M.09 AFEW1ETX014
1531768354856 W1 3 S 0 nt_50M.10 AFEW1ETX014
1531768354856 W4 8 D 132 nt_50M.100 AFEW49AC014
1531768354882 W2 2 D 5 nt_50M.08 AFEW0RN2014
1531768354904 W5 4 D 11 nt_50M.104 AFEW0RN2014
1531768354906 W2 2 S 0 nt_50M.00 AFEW1ETX014
1531768354926 W3 7 D 121 nt_50M.103 AFEW49AC014
1531768354927 W1 3 D 27 nt_50M.02 AFEW1ETX014
1531768354929 W0 6 D 146 nt_50M.101 AFEW49AC014
1531768354930 W3 7 D 152 nt_50M.06 AFEW49AC014
1531768354939 W7 5 D 0 nt_50M.09 AFEW1ETX014
1531768354940 W5 4 D 5 nt_50M.07 AFEW0RN2014
1531768354942 W5 4 S 0 nt_50M.07 AFEW1ETX014
1531768354954 W7 5 D 15 nt_50M.01 AFEW1ETX014
1531768354958 W0 6 D 164 nt_50M.04 AFEW49AC014
1531768354960 W1 3 D 0 nt_50M.10 AFEW1ETX014
1531768354970 W5 4 S 0 nt_50M.104 AFEW1ETX014
1531768354978 W1 3 S 0 nt_50M.02 AFEW49AC014
1531768354983 W1 3 S 0 nt_50M.10 AFEW49AC014
1531768354994 W2 2 D 73 nt_50M.00 AFEW0RN2014
1531768354995 W7 5 S 0 nt_50M.01 AFEW49AC014
1531768354998 W7 5 S 0 nt_50M.09 AFEW49AC014
1531768355009 W5 4 D 0 nt_50M.07 AFEW1ETX014
1531768355016 W2 2 S 0 nt_50M.08 AFEW1ETX014
1531768355032 W5 4 S 0 nt_50M.07 AFEW49AC014
1531768355092 W2 2 D 2 nt_50M.08 AFEW1ETX014
1531768355108 W7 5 D 11 nt_50M.09 AFEW49AC014
1531768355145 W1 3 D 132 nt_50M.10 AFEW49AC014
1531768355148 W5 4 D 20 nt_50M.104 AFEW1ETX014
1531768355151 W2 2 D 38 nt_50M.00 AFEW1ETX014
1531768355161 W2 2 S 0 nt_50M.00 AFEW49AC014
1531768355161 W5 4 S 0 nt_50M.104 AFEW49AC014
1531768355175 W2 2 S 0 nt_50M.08 AFEW49AC014
1531768355182 W5 4 D 138 nt_50M.07 AFEW49AC014
1531768355188 W7 5 D 138 nt_50M.01 AFEW49AC014
1531768355198 W1 3 D 157 nt_50M.02 AFEW49AC014
1531768355322 W2 2 D 174 nt_50M.08 AFEW49AC014
1531768355355 W5 4 D 105 nt_50M.104 AFEW49AC014
1531768355392 W2 2 D 41 nt_50M.00 AFEW49AC014
