1531773582522 W4 5 S 0 nt_50M.06 AFEVGV0P014
1531773582527 W2 8 S 0 nt_50M.10 AFEVGV0P014
1531773582538 W3 6 S 0 nt_50M.100 AFEVGV0P014
1531773582545 W1 2 S 0 nt_50M.03 AFEVGV0P014
1531773582547 W7 7 S 0 nt_50M.05 AFEVGV0P014
1531773582556 W1 2 S 0 nt_50M.104 AFEVGV0P014
1531773582572 W5 9 S 0 nt_50M.07 AFEVGV0P014
1531773582582 W0 12 S 0 nt_50M.01 AFEVGV0P014
1531773582582 W0 12 S 0 nt_50M.102 AFEVGV0P014
1531773582595 W2 8 D 9 nt_50M.10 AFEVGV0P014
1531773582618 W4 5 D 4 nt_50M.06 AFEVGV0P014
1531773582630 W7 7 D 26 nt_50M.05 AFEVGV0P014
1531773582650 W1 2 D 34 nt_50M.03 AFEVGV0P014
1531773582654 W3 6 D 34 nt_50M.100 AFEVGV0P014
1531773582697 W5 9 D 42 nt_50M.07 AFEVGV0P014
1531773582727 W0 12 D 1 nt_50M.102 AFEVGV0P014
1531773582727 W6 4 S 0 nt_50M.103 AFEVGV0P014
1531773582739 W1 2 D 24 nt_50M.104 AFEVGV0P014
1531773582739 W6 4 S 0 nt_50M.02 AFEVGV0P014
1531773582751 W3 6 S 0 nt_50M.100 AFEVJ4EE014
1531773582751 W7 7 S 0 nt_50M.05 AFEVJ4EE014
1531773582758 W4 5 S 0 nt_50M.06 AFEVJ4EE014
1531773582764 W2 8 S 0 nt_50M.10 AFEVJ4EE014
1531773582773 W0 12 D 39 nt_50M.01 AFEVGV0P014
1531773582788 W4 5 S 0 nt_50M.06 AFEVKCK9014
1531773582790 W5 9 S 0 nt_50M.07 AFEVJ4EE014
1531773582799 W2 8 S 0 nt_50M.10 AFEVKCK9014
1531773582800 W0 3 S 0 nt_50M.09 AFEVJ4EE014
1531773582803 W7 7 S 0 nt_50M.05 AFEVKCK9014
1531773582805 W0 12 S 0 nt_50M.01 AFEVJ4EE014
1531773582813 W5 9 S 0 nt_50M.07 AFEVKCK9014
1531773582814 W0 3 S 0 nt_50M.09 AFEVGV0P014
1531773582814 W3 6 S 0 nt_50M.100 AFEVKCK9014
1531773582836 W0 12 S 0 nt_50M.102 AFEVJ4EE014
1531773582837 W4 5 D 0 nt_50M.06 AFEVJ4EE014
1531773582838 W1 10 S 0 nt_50M.08 AFEVJ4EE014
1531773582839 W7 7 D 0 nt_50M.05 AFEVJ4EE014
1531773582841 W3 6 D 0 nt_50M.100 AFEVJ4EE014
1531773582849 W1 10 S 0 nt_50M.08 AFEVGV0P014
1531773582856 W4 5 D 0 nt_50M.06 AFEVKCK9014
1531773582857 W2 8 D 0 nt_50M.10 AFEVJ4EE014
1531773582891 W2 8 D 0 nt_50M.10 AFEVKCK9014
1531773582900 W5 1 S 0 nt_50M.00 AFEVGV0P014
1531773582900 W5 1 S 0 nt_50M.101 AFEVGV0P014
1531773582904 W7 7 D 0 nt_50M.05 AFEVKCK9014
1531773582909 W5 9 D 0 nt_50M.07 AFEVJ4EE014
1531773582917 W0 3 D 0 nt_50M.09 AFEVJ4EE014
1531773582925 W3 6 D 0 nt_50M.100 AFEVKCK9014
1531773582936 W5 9 D 0 nt_50M.07 AFEVKCK9014
1531773582972 W2 8 S 0 nt_50M.10 AFEVKWCH014
1531773582973 W7 7 S 0 nt_50M.05 AFEVKWCH014
1531773582974 W0 3 D 11 nt_50M.09 AFEVGV0P014
1531773582976 W4 5 S 0 nt_50M.06 AFEVKWCH014
1531773582989 W3 6 S 0 nt_50M.100 AFEVKWCH014
1531773582990 W6 11 S 0 nt_50M.04 AFEVGV0P014
1531773583002 W5 9 S 0 nt_50M.07 AFEVKWCH014
1531773583008 W6 4 D 100 nt_50M.103 AFEVGV0P014
1531773583010 W1 2 S 0 nt_50M.03 AFEVJ4EE014
1531773583010 W1 2 S 0 nt_50M.104 AFEVJ4EE014
1531773583019 W0 12 D 0 nt_50M.01 AFEVJ4EE014
1531773583023 W0 3 S 0 nt_50M.09 AFEVKCK9014
1531773583025 W6 11 S 0 nt_50M.04 AFEVJ4EE014
1531773583029 W2 8 D 3 nt_50M.10 AFEVKWCH014
1531773583032 W7 7 D 9 nt_50M.05 AFEVKWCH014
1531773583036 W4 5 D 9 nt_50M.06 AFEVKWCH014
1531773583058 W0 3 S 0 nt_50M.09 AFEVKWCH014
1531773583060 W1 10 D 0 nt_50M.08 AFEVJ4EE014
1531773583062 W0 12 D 0 nt_50M.102 AFEVJ4EE014
1531773583078 W4 5 S 0 nt_50M.06 AFEVMVZM014
1531773583081 W2 8 S 0 nt_50M.10 AFEVMVZM014
1531773583081 W7 7 S 0 nt_50M.05 AFEVMVZM014
1531773583092 W3 6 D 34 nt_50M.100 AFEVKWCH014
1531773583099 W5 9 S 0 nt_50M.07 AFEVMVZM014
1531773583102 W1 10 D 19 nt_50M.08 AFEVGV0P014
1531773583105 W3 6 S 0 nt_50M.100 AFEVMVZM014
1531773583107 W6 4 S 0 nt_50M.02 AFEVJ4EE014
1531773583113 W0 12 S 0 nt_50M.01 AFEVKCK9014
1531773583113 W0 12 S 0 nt_50M.102 AFEVKCK9014
1531773583129 W4 5 D 0 nt_50M.06 AFEVMVZM014
1531773583132 W6 4 D 41 nt_50M.02 AFEVGV0P014
1531773583133 W7 7 D 0 nt_50M.05 AFEVMVZM014
1531773583136 W1 10 S 0 nt_50M.08 AFEVKCK9014
1531773583142 W2 8 D 0 nt_50M.10 AFEVMVZM014
1531773583159 W6 4 S 0 nt_50M.103 AFEVJ4EE014
1531773583161 W5 9 D 100 nt_50M.07 AFEVKWCH014
1531773583164 W7 7 S 0 nt_50M.05 AFEVN6PB014
1531773583178 W4 5 S 0 nt_50M.06 AFEVN6PB014
1531773583179 W2 8 S 0 nt_50M.10 AFEVN6PB014
1531773583185 W3 6 S 0 nt_50M.100 AFEVN6PB014
1531773583189 W0 3 D 0 nt_50M.09 AFEVKCK9014
1531773583213 W1 10 S 0 nt_50M.08 AFEVKWCH014
1531773583216 W3 6 D 0 nt_50M.100 AFEVMVZM014
1531773583252 W0 3 S 0 nt_50M.09 AFEVMVZM014
1531773583269 W0 12 D 0 nt_50M.102 AFEVKCK9014
1531773583270 W5 9 D 0 nt_50M.07 AFEVMVZM014
1531773583277 W0 3 D 17 nt_50M.09 AFEVKWCH014
1531773583277 W1 2 D 0 nt_50M.03 AFEVJ4EE014
1531773583278 W4 5 D 100 nt_50M.06 AFEVN6PB014
1531773583279 W1 2 D 0 nt_50M.104 AFEVJ4EE014
1531773583293 W6 4 D 0 nt_50M.02 AFEVJ4EE014
1531773583296 W5 9 S 0 nt_50M.07 AFEVN6PB014
1531773583301 W2 8 D 101 nt_50M.10 AFEVN6PB014
1531773583311 W0 12 D 0 nt_50M.01 AFEVKCK9014
1531773583311 W7 7 D 100 nt_50M.05 AFEVN6PB014
1531773583323 W0 3 S 0 nt_50M.09 AFEVN6PB014
1531773583324 W6 11 D 0 nt_50M.04 AFEVJ4EE014
1531773583324 W6 11 D 4 nt_50M.04 AFEVGV0P014
1531773583328 W1 10 D 0 nt_50M.08 AFEVKCK9014
1531773583347 W0 12 S 0 nt_50M.102 AFEVKWCH014
1531773583349 W1 2 S 0 nt_50M.104 AFEVKCK9014
1531773583350 W0 12 S 0 nt_50M.01 AFEVKWCH014
1531773583352 W1 2 S 0 nt_50M.03 AFEVKCK9014
1531773583358 W6 4 D 0 nt_50M.103 AFEVJ4EE014
1531773583361 W5 1 D 11 nt_50M.00 AFEVGV0P014
1531773583371 W5 1 D 66 nt_50M.101 AFEVGV0P014
1531773583372 W6 4 S 0 nt_50M.02 AFEVKCK9014
1531773583380 W0 3 D 0 nt_50M.09 AFEVMVZM014
1531773583390 W6 4 S 0 nt_50M.103 AFEVKCK9014
1531773583394 W6 11 S 0 nt_50M.04 AFEVKCK9014
1531773583410 W3 6 D 106 nt_50M.100 AFEVN6PB014
1531773583443 W5 1 S 0 nt_50M.00 AFEVJ4EE014
1531773583445 W5 1 S 0 nt_50M.101 AFEVJ4EE014
1531773583470 W0 12 D 7 nt_50M.102 AFEVKWCH014
1531773583473 W1 10 S 0 nt_50M.08 AFEVMVZM014
1531773583509 W6 11 D 0 nt_50M.04 AFEVKCK9014
1531773583511 W0 12 S 0 nt_50M.01 AFEVMVZM014
1531773583515 W1 2 D 0 nt_50M.104 AFEVKCK9014
1531773583529 W6 4 D 0 nt_50M.103 AFEVKCK9014
1531773583533 W1 10 D 24 nt_50M.08 AFEVKWCH014
1531773583534 W5 9 D 101 nt_50M.07 AFEVN6PB014
1531773583534 W6 11 S 0 nt_50M.04 AFEVKWCH014
1531773583552 W0 12 D 21 nt_50M.01 AFEVKWCH014
1531773583579 W0 3 D 113 nt_50M.09 AFEVN6PB014
1531773583581 W0 12 S 0 nt_50M.102 AFEVMVZM014
1531773583581 W5 1 D 0 nt_50M.101 AFEVJ4EE014
1531773583585 W1 2 S 0 nt_50M.03 AFEVKWCH014
1531773583594 W6 4 D 0 nt_50M.02 AFEVKCK9014
1531773583599 W6 11 S 0 nt_50M.04 AFEVMVZM014
1531773583610 W1 2 D 0 nt_50M.03 AFEVKCK9014
1531773583618 W5 1 D 2 nt_50M.00 AFEVJ4EE014
1531773583625 W6 4 S 0 nt_50M.02 AFEVKWCH014
1531773583626 W5 1 S 0 nt_50M.00 AFEVKCK9014
1531773583626 W6 4 S 0 nt_50M.103 AFEVKWCH014
1531773583636 W5 1 S 0 nt_50M.101 AFEVKCK9014
1531773583644 W1 10 D 0 nt_50M.08 AFEVMVZM014
1531773583651 W0 12 D 0 nt_50M.01 AFEVMVZM014
1531773583669 W1 10 S 0 nt_50M.08 AFEVN6PB014
1531773583675 W1 2 S 0 nt_50M.104 AFEVKWCH014
1531773583689 W0 12 S 0 nt_50M.01 AFEVN6PB014
1531773583705 W6 11 D 0 nt_50M.04 AFEVKWCH014
1531773583715 W0 12 D 0 nt_50M.102 AFEVMVZM014
1531773583725 W5 1 D 0 nt_50M.101 AFEVKCK9014
1531773583734 W0 12 S 0 nt_50M.102 AFEVN6PB014
1531773583757 W6 11 D 0 nt_50M.04 AFEVMVZM014
1531773583761 W5 1 D 0 nt_50M.00 AFEVKCK9014
1531773583765 W1 2 D 37 nt_50M.03 AFEVKWCH014
1531773583769 W6 11 S 0 nt_50M.04 AFEVN6PB014
1531773583778 W5 1 S 0 nt_50M.00 AFEVKWCH014
1531773583783 W5 1 S 0 nt_50M.101 AFEVKWCH014
1531773583826 W1 2 S 0 nt_50M.03 AFEVMVZM014
1531773583828 W6 4 D 52 nt_50M.02 AFEVKWCH014
1531773583835 W6 4 D 71 nt_50M.103 AFEVKWCH014
1531773583862 W6 4 S 0 nt_50M.02 AFEVMVZM014
1531773583867 W6 4 S 0 nt_50M.103 AFEVMVZM014
1531773583899 W5 1 D 100 nt_50M.101 AFEVKWCH014
1531773583920 W0 12 D 100 nt_50M.01 AFEVN6PB014
1531773583921 W0 12 D 112 nt_50M.102 AFEVN6PB014
1531773583942 W5 1 D 5 nt_50M.00 AFEVKWCH014
1531773583972 W4 5 S 0 nt_50M.06 AFEVP7WY014
1531773583972 W7 7 S 0 nt_50M.05 AFEVP7WY014
1531773583974 W1 10 S 0 nt_50M.08 AFEVP7WY014
1531773583975 W0 3 S 0 nt_50M.09 AFEVP7WY014
1531773583977 W2 8 S 0 nt_50M.10 AFEVP7WY014
1531773583979 W5 1 S 0 nt_50M.00 AFEVMVZM014
1531773583979 W6 11 S 0 nt_50M.04 AFEVP7WY014
1531773583982 W5 1 S 0 nt_50M.101 AFEVMVZM014
1531773583983 W3 6 S 0 nt_50M.100 AFEVP7WY014
1531773583990 W1 2 D 0 nt_50M.03 AFEVMVZM014
1531773583992 W1 2 D 61 nt_50M.104 AFEVKWCH014
1531773583995 W6 4 D 0 nt_50M.02 AFEVMVZM014
1531773584010 W1 10 D 104 nt_50M.08 AFEVN6PB014
1531773584010 W5 9 S 0 nt_50M.07 AFEVP7WY014
1531773584051 W6 4 S 0 nt_50M.02 AFEVN6PB014
1531773584053 W1 2 S 0 nt_50M.104 AFEVMVZM014
1531773584066 W6 11 D 100 nt_50M.04 AFEVN6PB014
1531773584075 W4 5 D 100 nt_50M.06 AFEVP7WY014
1531773584081 W6 4 D 11 nt_50M.103 AFEVMVZM014
1531773584097 W1 2 S 0 nt_50M.03 AFEVN6PB014
1531773584098 W7 7 D 101 nt_50M.05 AFEVP7WY014
1531773584100 W6 4 S 0 nt_50M.103 AFEVN6PB014
1531773584110 W2 8 D 100 nt_50M.10 AFEVP7WY014
1531773584145 W5 1 D 0 nt_50M.101 AFEVMVZM014
1531773584153 W0 3 D 105 nt_50M.09 AFEVP7WY014
1531773584181 W3 6 D 115 nt_50M.100 AFEVP7WY014
1531773584185 W5 1 S 0 nt_50M.00 AFEVN6PB014
1531773584218 W1 2 D 1 nt_50M.104 AFEVMVZM014
1531773584234 W1 2 S 0 nt_50M.104 AFEVN6PB014
1531773584263 W4 5 S 0 nt_50M.06 AFEVRP93014
1531773584264 W7 7 S 0 nt_50M.05 AFEVRP93014
1531773584267 W2 8 S 0 nt_50M.10 AFEVRP93014
1531773584268 W0 3 S 0 nt_50M.09 AFEVRP93014
1531773584271 W3 6 S 0 nt_50M.100 AFEVRP93014
1531773584273 W6 11 S 0 nt_50M.04 AFEVRP93014
1531773584287 W5 9 S 0 nt_50M.07 AFEVRP93014
1531773584288 W1 10 S 0 nt_50M.08 AFEVRP93014
1531773584289 W1 10 D 104 nt_50M.08 AFEVP7WY014
1531773584324 W0 3 S 0 nt_50M.09 AFEVPJZG014
1531773584326 W2 8 S 0 nt_50M.10 AFEVPJZG014
1531773584326 W4 5 S 0 nt_50M.06 AFEVPJZG014
1531773584329 W7 7 S 0 nt_50M.05 AFEVPJZG014
1531773584343 W3 6 S 0 nt_50M.100 AFEVPJZG014
1531773584367 W1 10 S 0 nt_50M.08 AFEVPJZG014
1531773584368 W5 1 D 0 nt_50M.00 AFEVMVZM014
1531773584384 W4 5 D 0 nt_50M.06 AFEVPJZG014
1531773584389 W6 4 D 100 nt_50M.02 AFEVN6PB014
1531773584390 W5 1 S 0 nt_50M.101 AFEVN6PB014
1531773584395 W5 9 D 101 nt_50M.07 AFEVP7WY014
1531773584397 W7 7 D 0 nt_50M.05 AFEVPJZG014
1531773584404 W2 8 D 0 nt_50M.10 AFEVPJZG014
1531773584408 W6 11 D 100 nt_50M.04 AFEVP7WY014
1531773584453 W6 4 S 0 nt_50M.02 AFEVP7WY014
1531773584496 W3 6 D 0 nt_50M.100 AFEVPJZG014
1531773584502 W5 9 S 0 nt_50M.07 AFEVPJZG014
1531773584510 W6 11 S 0 nt_50M.04 AFEVPJZG014
1531773584551 W1 10 D 0 nt_50M.08 AFEVPJZG014
1531773584561 W0 12 S 0 nt_50M.01 AFEVP7WY014
1531773584567 W0 12 S 0 nt_50M.102 AFEVP7WY014
1531773584581 W0 3 D 0 nt_50M.09 AFEVPJZG014
1531773584583 W1 2 D 100 nt_50M.03 AFEVN6PB014
1531773584685 W0 3 S 0 nt_50M.09 AFEVX33X014
1531773584687 W4 5 S 0 nt_50M.06 AFEVX33X014
1531773584691 W1 2 S 0 nt_50M.03 AFEVP7WY014
1531773584691 W7 7 S 0 nt_50M.05 AFEVX33X014
1531773584694 W5 9 D 0 nt_50M.07 AFEVPJZG014
1531773584695 W2 8 S 0 nt_50M.10 AFEVX33X014
1531773584703 W1 10 S 0 nt_50M.08 AFEVX33X014
1531773584708 W3 6 S 0 nt_50M.100 AFEVX33X014
1531773584755 W5 9 S 0 nt_50M.07 AFEVX33X014
1531773584791 W6 11 D 0 nt_50M.04 AFEVPJZG014
1531773584848 W6 4 D 106 nt_50M.103 AFEVN6PB014
1531773584870 W6 11 S 0 nt_50M.04 AFEVX33X014
1531773584918 W6 4 S 0 nt_50M.103 AFEVP7WY014
1531773585043 W6 4 D 100 nt_50M.02 AFEVP7WY014
1531773585105 W6 4 S 0 nt_50M.02 AFEVRP93014
1531773585126 W2 8 D 2 nt_50M.10 AFEVRP93014
1531773585142 W0 12 D 112 nt_50M.102 AFEVP7WY014
1531773585156 W5 1 D 101 nt_50M.00 AFEVN6PB014
1531773585215 W0 12 S 0 nt_50M.01 AFEVRP93014
1531773585219 W7 7 D 0 nt_50M.05 AFEVRP93014
1531773585221 W4 5 D 2 nt_50M.06 AFEVRP93014
1531773585235 W2 8 S 0 nt_50M.10 AFEVYG25014
1531773585250 W5 1 S 0 nt_50M.00 AFEVP7WY014
1531773585262 W0 12 D 100 nt_50M.01 AFEVP7WY014
1531773585265 W3 6 D 1 nt_50M.100 AFEVRP93014
1531773585266 W7 7 S 0 nt_50M.05 AFEVYG25014
1531773585270 W4 5 S 0 nt_50M.06 AFEVYG25014
1531773585284 W2 8 D 0 nt_50M.10 AFEVYG25014
1531773585299 W3 6 S 0 nt_50M.100 AFEVYG25014
1531773585305 W4 5 D 78 nt_50M.06 AFEVX33X014
1531773585306 W2 8 D 100 nt_50M.10 AFEVX33X014
1531773585312 W0 12 S 0 nt_50M.102 AFEVRP93014
1531773585342 W4 5 D 0 nt_50M.06 AFEVYG25014
1531773585351 W7 7 D 0 nt_50M.05 AFEVYG25014
1531773585390 W1 2 D 100 nt_50M.03 AFEVP7WY014
1531773585454 W1 2 S 0 nt_50M.104 AFEVP7WY014
1531773585454 W3 6 D 1 nt_50M.100 AFEVYG25014
1531773585491 W7 7 D 100 nt_50M.05 AFEVX33X014
1531773585576 W3 6 D 100 nt_50M.100 AFEVX33X014
1531773585668 W5 1 D 112 nt_50M.101 AFEVN6PB014
1531773585710 W5 1 S 0 nt_50M.101 AFEVP7WY014
1531773585865 W6 4 D 116 nt_50M.103 AFEVP7WY014
1531773585891 W6 4 S 0 nt_50M.103 AFEVRP93014
1531773586045 W1 2 D 106 nt_50M.104 AFEVN6PB014
1531773586151 W1 2 S 0 nt_50M.03 AFEVRP93014
1531773586215 W0 3 D 81 nt_50M.09 AFEVX33X014
1531773586258 W5 1 D 101 nt_50M.00 AFEVP7WY014
1531773586273 W1 10 D 100 nt_50M.08 AFEVX33X014
1531773586282 W0 3 S 0 nt_50M.09 AFEVYG25014
1531773586333 W5 1 S 0 nt_50M.00 AFEVRP93014
1531773586426 W1 10 S 0 nt_50M.08 AFEVYG25014
1531773586456 W0 3 D 0 nt_50M.09 AFEVYG25014
1531773586613 W5 9 D 100 nt_50M.07 AFEVX33X014
1531773586625 W1 10 D 0 nt_50M.08 AFEVYG25014
1531773586653 W0 3 D 1 nt_50M.09 AFEVRP93014
1531773586678 W5 9 S 0 nt_50M.07 AFEVYG25014
1531773586717 W6 11 D 100 nt_50M.04 AFEVX33X014
1531773586775 W6 11 S 0 nt_50M.04 AFEVYG25014
1531773586855 W5 9 D 0 nt_50M.07 AFEVYG25014
1531773586884 W2 8 S 0 nt_50M.10 AFEW0RN2014
1531773586886 W0 3 S 0 nt_50M.09 AFEW0RN2014
1531773586887 W5 9 S 0 nt_50M.07 AFEW0RN2014
1531773586888 W3 6 S 0 nt_50M.100 AFEW0RN2014
1531773586888 W4 5 S 0 nt_50M.06 AFEW0RN2014
1531773586891 W7 7 S 0 nt_50M.05 AFEW0RN2014
1531773586913 W1 10 S 0 nt_50M.08 AFEW0RN2014
1531773586917 W5 9 D 5 nt_50M.07 AFEVRP93014
1531773586923 W6 11 D 1 nt_50M.04 AFEVRP93014
1531773586977 W6 11 S 0 nt_50M.04 AFEW0RN2014
1531773587007 W6 11 D 0 nt_50M.04 AFEVYG25014
1531773587010 W0 12 D 8 nt_50M.102 AFEVRP93014
1531773587059 W0 12 S 0 nt_50M.01 AFEVPJZG014
1531773587273 W1 10 D 5 nt_50M.08 AFEVRP93014
1531773587311 W0 12 D 0 nt_50M.01 AFEVPJZG014
1531773587337 W0 12 S 0 nt_50M.102 AFEVPJZG014
1531773587451 W5 1 D 112 nt_50M.101 AFEVP7WY014
1531773587457 W0 12 D 14 nt_50M.01 AFEVRP93014
1531773587490 W5 1 S 0 nt_50M.101 AFEVRP93014
1531773587505 W0 12 D 0 nt_50M.102 AFEVPJZG014
1531773587521 W1 2 D 106 nt_50M.104 AFEVP7WY014
1531773587524 W0 12 S 0 nt_50M.01 AFEVX33X014
1531773587542 W0 12 S 0 nt_50M.102 AFEVX33X014
1531773587554 W1 2 S 0 nt_50M.104 AFEVRP93014
1531773587565 W6 4 D 10 nt_50M.02 AFEVRP93014
1531773587599 W7 7 D 0 nt_50M.05 AFEW0RN2014
1531773587607 W6 4 S 0 nt_50M.02 AFEVPJZG014
1531773587616 W4 5 D 2 nt_50M.06 AFEW0RN2014
1531773587645 W3 6 D 1 nt_50M.100 AFEW0RN2014
1531773587674 W6 4 D 2 nt_50M.103 AFEVRP93014
1531773587683 W2 8 D 2 nt_50M.10 AFEW0RN2014
1531773587703 W6 4 S 0 nt_50M.103 AFEVPJZG014
1531773587881 W6 4 D 0 nt_50M.02 AFEVPJZG014
1531773587913 W6 4 S 0 nt_50M.02 AFEVX33X014
1531773588063 W6 4 D 0 nt_50M.103 AFEVPJZG014
1531773588086 W6 4 S 0 nt_50M.103 AFEVX33X014
1531773588166 W2 8 S 0 nt_50M.10 AFEW1ETX014
1531773588168 W4 5 S 0 nt_50M.06 AFEW1ETX014
1531773588169 W3 6 S 0 nt_50M.100 AFEW1ETX014
1531773588169 W7 7 S 0 nt_50M.05 AFEW1ETX014
1531773588172 W6 11 S 0 nt_50M.04 AFEW1ETX014
1531773588174 W5 9 S 0 nt_50M.07 AFEW1ETX014
1531773588178 W0 3 S 0 nt_50M.09 AFEW1ETX014
1531773588180 W1 10 S 0 nt_50M.08 AFEW1ETX014
1531773588213 W4 5 D 0 nt_50M.06 AFEW1ETX014
1531773588217 W7 7 D 1 nt_50M.05 AFEW1ETX014
1531773588224 W2 8 D 0 nt_50M.10 AFEW1ETX014
1531773588235 W3 6 D 0 nt_50M.100 AFEW1ETX014
1531773588313 W5 9 D 0 nt_50M.07 AFEW1ETX014
1531773588323 W0 3 D 0 nt_50M.09 AFEW1ETX014
1531773588370 W1 10 D 2 nt_50M.08 AFEW1ETX014
1531773588469 W1 2 D 2 nt_50M.03 AFEVRP93014
1531773588470 W6 11 D 12 nt_50M.04 AFEW1ETX014
1531773588509 W1 2 S 0 nt_50M.03 AFEVPJZG014
1531773588705 W5 9 D 5 nt_50M.07 AFEW0RN2014
1531773588784 W1 2 D 0 nt_50M.03 AFEVPJZG014
1531773588812 W1 2 S 0 nt_50M.104 AFEVPJZG014
1531773588837 W0 3 D 1 nt_50M.09 AFEW0RN2014
1531773588921 W0 12 D 100 nt_50M.102 AFEVX33X014
1531773588974 W5 1 D 73 nt_50M.00 AFEVRP93014
1531773588982 W0 12 S 0 nt_50M.01 AFEVYG25014
1531773588985 W0 12 D 100 nt_50M.01 AFEVX33X014
1531773589011 W0 12 S 0 nt_50M.102 AFEVYG25014
1531773589026 W5 1 S 0 nt_50M.00 AFEVPJZG014
1531773589067 W6 11 D 1 nt_50M.04 AFEW0RN2014
1531773589075 W1 2 D 0 nt_50M.104 AFEVPJZG014
1531773589104 W5 1 D 6 nt_50M.101 AFEVRP93014
1531773589130 W1 2 S 0 nt_50M.03 AFEVX33X014
1531773589130 W5 1 S 0 nt_50M.101 AFEVPJZG014
1531773589227 W0 12 D 0 nt_50M.01 AFEVYG25014
1531773589240 W0 12 D 0 nt_50M.102 AFEVYG25014
1531773589262 W0 12 S 0 nt_50M.102 AFEW0RN2014
1531773589274 W0 12 S 0 nt_50M.01 AFEW0RN2014
1531773589303 W1 10 D 5 nt_50M.08 AFEW0RN2014
1531773589307 W5 1 D 0 nt_50M.00 AFEVPJZG014
1531773589337 W5 1 D 0 nt_50M.101 AFEVPJZG014
1531773589359 W5 1 S 0 nt_50M.00 AFEVX33X014
1531773589359 W5 1 S 0 nt_50M.101 AFEVX33X014
1531773589393 W6 4 D 100 nt_50M.02 AFEVX33X014
1531773589446 W6 4 S 0 nt_50M.02 AFEVYG25014
1531773589521 W1 2 D 11 nt_50M.104 AFEVRP93014
1531773589542 W1 2 S 0 nt_50M.104 AFEVX33X014
1531773589565 W6 4 D 100 nt_50M.103 AFEVX33X014
1531773589572 W6 4 D 0 nt_50M.02 AFEVYG25014
1531773589612 W6 4 S 0 nt_50M.103 AFEVYG25014
1531773589626 W6 4 S 0 nt_50M.02 AFEW0RN2014
1531773589745 W6 4 D 0 nt_50M.103 AFEVYG25014
1531773589762 W6 4 S 0 nt_50M.103 AFEW0RN2014
1531773589810 W5 9 S 0 nt_50M.07 AFEW49AC014
1531773589810 W6 11 S 0 nt_50M.04 AFEW49AC014
1531773589811 W2 8 S 0 nt_50M.10 AFEW49AC014
1531773589812 W3 6 S 0 nt_50M.100 AFEW49AC014
1531773589813 W4 5 S 0 nt_50M.06 AFEW49AC014
1531773589817 W0 3 S 0 nt_50M.09 AFEW49AC014
1531773589817 W1 10 S 0 nt_50M.08 AFEW49AC014
1531773589826 W7 7 S 0 nt_50M.05 AFEW49AC014
1531773589897 W2 8 D 132 nt_50M.10 AFEW49AC014
1531773589913 W7 7 D 165 nt_50M.05 AFEW49AC014
1531773589918 W3 6 D 132 nt_50M.100 AFEW49AC014
1531773589921 W4 5 D 152 nt_50M.06 AFEW49AC014
1531773589963 W0 3 D 11 nt_50M.09 AFEW49AC014
1531773590026 W5 9 D 138 nt_50M.07 AFEW49AC014
1531773590075 W1 10 D 174 nt_50M.08 AFEW49AC014
1531773590105 W6 11 D 164 nt_50M.04 AFEW49AC014
1531773590369 W0 12 D 8 nt_50M.102 AFEW0RN2014
1531773590407 W0 12 S 0 nt_50M.01 AFEW1ETX014
1531773590538 W0 12 D 14 nt_50M.01 AFEW0RN2014
1531773590555 W0 12 S 0 nt_50M.102 AFEW1ETX014
1531773590572 W5 1 D 100 nt_50M.00 AFEVX33X014
1531773590604 W1 2 D 100 nt_50M.03 AFEVX33X014
1531773590630 W5 1 S 0 nt_50M.00 AFEVYG25014
1531773590643 W1 2 S 0 nt_50M.03 AFEVYG25014
1531773590675 W0 12 D 15 nt_50M.01 AFEW1ETX014
1531773590708 W0 12 S 0 nt_50M.01 AFEW49AC014
1531773590760 W0 12 D 2 nt_50M.102 AFEW1ETX014
1531773590780 W0 12 S 0 nt_50M.102 AFEW49AC014
1531773590785 W6 4 D 2 nt_50M.103 AFEW0RN2014
1531773590795 W5 1 D 100 nt_50M.101 AFEVX33X014
1531773590802 W1 2 D 0 nt_50M.03 AFEVYG25014
1531773590816 W1 2 S 0 nt_50M.104 AFEVYG25014
1531773590817 W5 1 S 0 nt_50M.101 AFEVYG25014
1531773590837 W5 1 D 1 nt_50M.00 AFEVYG25014
1531773590838 W6 4 S 0 nt_50M.02 AFEW1ETX014
1531773590875 W5 1 S 0 nt_50M.00 AFEW0RN2014
1531773590945 W5 1 D 0 nt_50M.101 AFEVYG25014
1531773590964 W5 1 S 0 nt_50M.101 AFEW0RN2014
1531773590968 W0 12 D 138 nt_50M.01 AFEW49AC014
1531773590987 W0 12 D 142 nt_50M.102 AFEW49AC014
1531773591020 W6 4 D 27 nt_50M.02 AFEW1ETX014
1531773591038 W6 4 S 0 nt_50M.103 AFEW1ETX014
1531773591048 W1 2 D 0 nt_50M.104 AFEVYG25014
1531773591063 W6 4 D 10 nt_50M.02 AFEW0RN2014
1531773591093 W6 4 S 0 nt_50M.02 AFEW49AC014
1531773591113 W1 2 S 0 nt_50M.03 AFEW0RN2014
1531773591200 W6 4 D 43 nt_50M.103 AFEW1ETX014
1531773591227 W6 4 S 0 nt_50M.103 AFEW49AC014
1531773591298 W1 2 D 100 nt_50M.104 AFEVX33X014
1531773591319 W6 4 D 157 nt_50M.02 AFEW49AC014
1531773591325 W1 2 S 0 nt_50M.104 AFEW0RN2014
1531773591403 W6 4 D 121 nt_50M.103 AFEW49AC014
1531773591924 W5 1 D 6 nt_50M.101 AFEW0RN2014
1531773591979 W5 1 S 0 nt_50M.00 AFEW1ETX014
1531773592212 W5 1 D 38 nt_50M.00 AFEW1ETX014
1531773592235 W5 1 S 0 nt_50M.101 AFEW1ETX014
1531773592367 W5 1 D 0 nt_50M.101 AFEW1ETX014
1531773592399 W5 1 S 0 nt_50M.00 AFEW49AC014
1531773592411 W1 2 D 2 nt_50M.03 AFEW0RN2014
1531773592452 W1 2 S 0 nt_50M.03 AFEW1ETX014
1531773592539 W5 1 D 73 nt_50M.00 AFEW0RN2014
1531773592564 W1 2 D 5 nt_50M.03 AFEW1ETX014
1531773592568 W5 1 S 0 nt_50M.101 AFEW49AC014
1531773592593 W1 2 S 0 nt_50M.104 AFEW1ETX014
1531773592672 W1 2 D 11 nt_50M.104 AFEW0RN2014
1531773592680 W5 1 D 41 nt_50M.00 AFEW49AC014
1531773592717 W1 2 S 0 nt_50M.03 AFEW49AC014
1531773592795 W5 1 D 146 nt_50M.101 AFEW49AC014
1531773592848 W1 2 D 20 nt_50M.104 AFEW1ETX014
1531773592881 W1 2 S 0 nt_50M.104 AFEW49AC014
1531773593000 W1 2 D 184 nt_50M.03 AFEW49AC014
1531773593432 W1 2 D 105 nt_50M.104 AFEW49AC014
